2025-09-07T15:27:24.236 application=api_v2 request_id=GGMJm8SlZeGuYdsAAAUG [info] Sent 200 in 7ms on GET /api/v2/main-page/indexing-status?
2025-09-07T15:27:24.239 application=api_v2 request_id=GGMJm8VHaNDMvJsAAC7B [info] Sent 501 in 31µs on GET /api/v2/proxy/account-abstraction/status?
2025-09-07T15:27:29.246 application=api_v2 request_id=GGMJnO-zKslGtu4AAAbE [info] Sent 200 in 238µs on GET /api/v2/main-page/indexing-status?
2025-09-07T15:27:29.251 application=api_v2 request_id=GGMJnO_9IyYvu5QAAAbk [info] Sent 501 in 201µs on GET /api/v2/proxy/account-abstraction/status?
2025-09-07T15:27:34.266 application=api_v2 request_id=GGMJnhrZZEakmAkAAAdk [info] Sent 200 in 572µs on GET /api/v2/main-page/indexing-status?
2025-09-07T15:27:34.272 application=api_v2 request_id=GGMJnhtJoS9KXckAAAeE [info] Sent 501 in 77µs on GET /api/v2/proxy/account-abstraction/status?
2025-09-07T15:27:39.277 application=api_v2 request_id=GGMJn0WZt9PqHt0AADeB [info] Sent 200 in 128µs on GET /api/v2/main-page/indexing-status?
2025-09-07T15:27:39.279 application=api_v2 request_id=GGMJn0W5jWfTuOgAADeh [info] Sent 501 in 25µs on GET /api/v2/proxy/account-abstraction/status?
2025-09-07T15:27:44.286 application=api_v2 request_id=GGMJoHAfk3E3N44AAAlk [info] Sent 200 in 659µs on GET /api/v2/main-page/indexing-status?
2025-09-07T15:27:44.292 application=api_v2 request_id=GGMJoHCC0tQiUfAAAAZG [info] Sent 501 in 94µs on GET /api/v2/proxy/account-abstraction/status?
2025-09-07T15:27:49.301 application=api_v2 request_id=GGMJoZsIcEWupUoAADih [info] Sent 200 in 413µs on GET /api/v2/main-page/indexing-status?
2025-09-07T15:27:49.306 application=api_v2 request_id=GGMJoZtZczMVCTgAAArk [info] Sent 501 in 82µs on GET /api/v2/proxy/account-abstraction/status?
2025-09-07T15:27:54.314 application=api_v2 request_id=GGMJosXRzm9j0dUAAAZm [info] Sent 200 in 496µs on GET /api/v2/main-page/indexing-status?
2025-09-07T15:27:54.319 application=api_v2 request_id=GGMJosYntP-cYFYAADnB [info] Sent 501 in 93µs on GET /api/v2/proxy/account-abstraction/status?
2025-09-07T15:27:59.327 application=api_v2 request_id=GGMJo_ClJ_Hh2KUAAAPn [info] Sent 200 in 358µs on GET /api/v2/main-page/indexing-status?
2025-09-07T15:27:59.330 application=api_v2 request_id=GGMJo_DeX2ekcygAAAYF [info] Sent 501 in 66µs on GET /api/v2/proxy/account-abstraction/status?
2025-09-07T15:28:04.338 application=api_v2 request_id=GGMJpRtHjq_8aRgAAAgm [info] Sent 200 in 392µs on GET /api/v2/main-page/indexing-status?
2025-09-07T15:28:04.343 application=api_v2 request_id=GGMJpRumAjUqXdcAAAhG [info] Sent 501 in 74µs on GET /api/v2/proxy/account-abstraction/status?
2025-09-07T15:28:09.350 application=api_v2 request_id=GGMJpkYOGbWGTOsAABRD [info] Sent 200 in 475µs on GET /api/v2/main-page/indexing-status?
2025-09-07T15:28:09.356 application=api_v2 request_id=GGMJpkZoAX5zqawAABRj [info] Sent 501 in 100µs on GET /api/v2/proxy/account-abstraction/status?
2025-09-07T15:28:14.364 application=api_v2 request_id=GGMJp3DorH-4wFAAAD1B [info] Sent 200 in 506µs on GET /api/v2/main-page/indexing-status?
2025-09-07T15:28:14.370 application=api_v2 request_id=GGMJp3FHcjcG9mQAAAjG [info] Sent 501 in 87µs on GET /api/v2/proxy/account-abstraction/status?
2025-09-07T15:28:19.379 application=api_v2 request_id=GGMJqJvHpcDuDmwAABej [info] Sent 200 in 579µs on GET /api/v2/main-page/indexing-status?
2025-09-07T15:28:19.384 application=api_v2 request_id=GGMJqJwmcQBaOgMAAD3h [info] Sent 501 in 114µs on GET /api/v2/proxy/account-abstraction/status?
2025-09-07T15:28:24.392 application=api_v2 request_id=GGMJqcanEP6paCEAAAlm [info] Sent 200 in 595µs on GET /api/v2/main-page/indexing-status?
2025-09-07T15:28:24.400 application=api_v2 request_id=GGMJqccdupmK4WQAAAmG [info] Sent 501 in 113µs on GET /api/v2/proxy/account-abstraction/status?
2025-09-07T15:28:29.409 application=api_v2 request_id=GGMJqvGo7mBuyqMAAA4l [info] Sent 200 in 410µs on GET /api/v2/main-page/indexing-status?
2025-09-07T15:28:29.414 application=api_v2 request_id=GGMJqvIAOd7rRYsAAA5F [info] Sent 501 in 89µs on GET /api/v2/proxy/account-abstraction/status?
2025-09-07T15:28:34.425 application=api_v2 request_id=GGMJrBybQRQDKZAAAA8l [info] Sent 200 in 811µs on GET /api/v2/main-page/indexing-status?
2025-09-07T15:28:34.432 application=api_v2 request_id=GGMJrB0W931QeQAAAA2G [info] Sent 501 in 92µs on GET /api/v2/proxy/account-abstraction/status?
2025-09-07T15:28:39.440 application=api_v2 request_id=GGMJrUePlHuOWEIAABCl [info] Sent 200 in 489µs on GET /api/v2/main-page/indexing-status?
2025-09-07T15:28:39.445 application=api_v2 request_id=GGMJrUfpvQynWnwAABDF [info] Sent 501 in 81µs on GET /api/v2/proxy/account-abstraction/status?
2025-09-07T15:28:44.449 application=api_v2 request_id=GGMJrnIyz01ynzQAABqE [info] Sent 200 in 123µs on GET /api/v2/main-page/indexing-status?
2025-09-07T15:28:44.451 application=api_v2 request_id=GGMJrnJKW59qV0EAAA3m [info] Sent 501 in 26µs on GET /api/v2/proxy/account-abstraction/status?
2025-09-07T15:28:49.457 application=api_v2 request_id=GGMJr5yfXYqMriAAAA4G [info] Sent 200 in 490µs on GET /api/v2/main-page/indexing-status?
2025-09-07T15:28:49.463 application=api_v2 request_id=GGMJr50FW2doOBoAABLl [info] Sent 501 in 91µs on GET /api/v2/proxy/account-abstraction/status?
2025-09-07T15:28:54.472 application=api_v2 request_id=GGMJsMeBjgnaQY0AABPF [info] Sent 200 in 304µs on GET /api/v2/main-page/indexing-status?
2025-09-07T15:28:54.477 application=api_v2 request_id=GGMJsMfjeB1ORdcAACLC [info] Sent 501 in 131µs on GET /api/v2/proxy/account-abstraction/status?
2025-09-07T15:28:59.486 application=api_v2 request_id=GGMJsfJpolgRyuQAABVF [info] Sent 200 in 516µs on GET /api/v2/main-page/indexing-status?
2025-09-07T15:28:59.489 application=api_v2 request_id=GGMJsfKj7tJKw_AAABBG [info] Sent 501 in 66µs on GET /api/v2/proxy/account-abstraction/status?
2025-09-07T15:29:04.498 application=api_v2 request_id=GGMJsx0d2pzgv2kAAEwh [info] Sent 200 in 509µs on GET /api/v2/main-page/indexing-status?
2025-09-07T15:29:04.504 application=api_v2 request_id=GGMJsx2G7dwq048AAExB [info] Sent 501 in 119µs on GET /api/v2/proxy/account-abstraction/status?
2025-09-07T15:29:09.512 application=api_v2 request_id=GGMJtEgJP2NgQAIAAE3h [info] Sent 200 in 221µs on GET /api/v2/main-page/indexing-status?
2025-09-07T15:29:09.517 application=api_v2 request_id=GGMJtEhIsZOUZPoAAB-k [info] Sent 501 in 77µs on GET /api/v2/proxy/account-abstraction/status?
2025-09-07T15:29:14.523 application=api_v2 request_id=GGMJtXKyKCYHj7AAAE-B [info] Sent 200 in 162µs on GET /api/v2/main-page/indexing-status?
2025-09-07T15:29:14.527 application=api_v2 request_id=GGMJtXLyQ-9wUzoAACGk [info] Sent 501 in 93µs on GET /api/v2/proxy/account-abstraction/status?
2025-09-07T15:29:19.535 application=api_v2 request_id=GGMJtp1eW9e_9zIAACNE [info] Sent 200 in 581µs on GET /api/v2/main-page/indexing-status?
2025-09-07T15:29:19.540 application=api_v2 request_id=GGMJtp22WY9ANeEAAFBh [info] Sent 501 in 116µs on GET /api/v2/proxy/account-abstraction/status?
2025-09-07T15:29:24.547 application=api_v2 request_id=GGMJt8gk04xejiUAABOm [info] Sent 200 in 402µs on GET /api/v2/main-page/indexing-status?
2025-09-07T15:29:24.551 application=api_v2 request_id=GGMJt8hwtFq-z2AAACSk [info] Sent 501 in 77µs on GET /api/v2/proxy/account-abstraction/status?
2025-09-07T15:29:29.561 application=api_v2 request_id=GGMJuPMAapc_nuEAACuD [info] Sent 200 in 405µs on GET /api/v2/main-page/indexing-status?
2025-09-07T15:29:29.565 application=api_v2 request_id=GGMJuPNQQbi6cJQAAAXn [info] Sent 501 in 79µs on GET /api/v2/proxy/account-abstraction/status?
2025-09-07T15:29:34.572 application=api_v2 request_id=GGMJuh2wYdT5erkAAC0j [info] Sent 200 in 330µs on GET /api/v2/main-page/indexing-status?
2025-09-07T15:29:34.577 application=api_v2 request_id=GGMJuh4CdTj0-PAAAC1D [info] Sent 501 in 86µs on GET /api/v2/proxy/account-abstraction/status?
2025-09-07T15:29:39.583 application=api_v2 request_id=GGMJu0hq68X8nXYAAFOh [info] Sent 200 in 217µs on GET /api/v2/main-page/indexing-status?
2025-09-07T15:29:39.588 application=api_v2 request_id=GGMJu0i0Mo9TQNsAAFPB [info] Sent 501 in 70µs on GET /api/v2/proxy/account-abstraction/status?
2025-09-07T15:29:44.599 application=api_v2 request_id=GGMJvHNXvpl24gEAADCD [info] Sent 200 in 580µs on GET /api/v2/main-page/indexing-status?
2025-09-07T15:29:44.605 application=api_v2 request_id=GGMJvHPCuXs3m3YAADCj [info] Sent 501 in 142µs on GET /api/v2/proxy/account-abstraction/status?
2025-09-07T15:29:49.613 application=api_v2 request_id=GGMJvZ4uxS5whzsAADFD [info] Sent 200 in 419µs on GET /api/v2/main-page/indexing-status?
2025-09-07T15:29:49.617 application=api_v2 request_id=GGMJvZ572pT6MpgAAFZh [info] Sent 501 in 77µs on GET /api/v2/proxy/account-abstraction/status?
2025-09-07T15:29:54.625 application=api_v2 request_id=GGMJvsjqmLaw4NcAAB_F [info] Sent 200 in 459µs on GET /api/v2/main-page/indexing-status?
2025-09-07T15:29:54.632 application=api_v2 request_id=GGMJvslawUfh1yQAACqC [info] Sent 501 in 146µs on GET /api/v2/proxy/account-abstraction/status?
2025-09-07T15:29:59.643 application=api_v2 request_id=GGMJv_P8DSXo0LgAADGD [info] Sent 200 in 569µs on GET /api/v2/main-page/indexing-status?
2025-09-07T15:29:59.650 application=api_v2 request_id=GGMJv_RuYoN5pTsAADGj [info] Sent 501 in 119µs on GET /api/v2/proxy/account-abstraction/status?
2025-09-07T15:30:04.660 application=api_v2 request_id=GGMJwR8MbLjUZDMAADLj [info] Sent 200 in 544µs on GET /api/v2/main-page/indexing-status?
2025-09-07T15:30:04.666 application=api_v2 request_id=GGMJwR9vJyK2zfYAAF0B [info] Sent 501 in 109µs on GET /api/v2/proxy/account-abstraction/status?
2025-09-07T15:30:09.674 application=api_v2 request_id=GGMJwknmBf92TA4AADPj [info] Sent 200 in 490µs on GET /api/v2/main-page/indexing-status?
2025-09-07T15:30:09.681 application=api_v2 request_id=GGMJwkpW9Z7dLzUAAF7h [info] Sent 501 in 89µs on GET /api/v2/proxy/account-abstraction/status?
2025-09-07T15:30:14.688 application=api_v2 request_id=GGMJw3TKTx2ssRsAAGCh [info] Sent 200 in 473µs on GET /api/v2/main-page/indexing-status?
2025-09-07T15:30:14.694 application=api_v2 request_id=GGMJw3UjGMUpk9IAAC2C [info] Sent 501 in 105µs on GET /api/v2/proxy/account-abstraction/status?
2025-09-07T15:30:19.705 application=api_v2 request_id=GGMJxJ-jjrXH_-wAABpm [info] Sent 200 in 3ms on GET /api/v2/main-page/indexing-status?
2025-09-07T15:30:19.709 application=api_v2 request_id=GGMJxKAUFNx-U_8AADWj [info] Sent 501 in 73µs on GET /api/v2/proxy/account-abstraction/status?
2025-09-07T15:30:24.715 application=api_v2 request_id=GGMJxcpvXr-WqxwAADbj [info] Sent 200 in 379µs on GET /api/v2/main-page/indexing-status?
2025-09-07T15:30:24.720 application=api_v2 request_id=GGMJxcrCatfy7j8AADcD [info] Sent 501 in 106µs on GET /api/v2/proxy/account-abstraction/status?
2025-09-07T15:30:29.728 application=api_v2 request_id=GGMJxvVDFVrhVMsAADfD [info] Sent 200 in 474µs on GET /api/v2/main-page/indexing-status?
2025-09-07T15:30:29.733 application=api_v2 request_id=GGMJxvWdFY6bYIEAADfj [info] Sent 501 in 93µs on GET /api/v2/proxy/account-abstraction/status?
2025-09-07T15:30:34.765 application=api_v2 request_id=GGMJyCALbP2Xz3cAADjj [info] Sent 200 in 24ms on GET /api/v2/main-page/indexing-status?
2025-09-07T15:30:34.768 application=api_v2 request_id=GGMJyCGxkazbeMUAADkD [info] Sent 501 in 55µs on GET /api/v2/proxy/account-abstraction/status?
2025-09-07T15:30:39.794 application=api_v2 request_id=GGMJyUwzbdk-POkAADmj [info] Sent 200 in 18ms on GET /api/v2/main-page/indexing-status?
2025-09-07T15:30:39.797 application=api_v2 request_id=GGMJyU1v468KZikAADRi [info] Sent 501 in 41µs on GET /api/v2/proxy/account-abstraction/status?
2025-09-07T15:30:44.829 application=api_v2 request_id=GGMJynfIaNpf_5QAADpj [info] Sent 200 in 25ms on GET /api/v2/main-page/indexing-status?
2025-09-07T15:30:44.832 application=api_v2 request_id=GGMJynmRYjS4Rd4AADVi [info] Sent 501 in 66µs on GET /api/v2/proxy/account-abstraction/status?
2025-09-07T15:30:49.849 application=api_v2 request_id=GGMJy6PqmHXk5GMAADaC [info] Sent 200 in 11ms on GET /api/v2/main-page/indexing-status?
2025-09-07T15:30:49.851 application=api_v2 request_id=GGMJy6S4yxSSfJsAADai [info] Sent 501 in 46µs on GET /api/v2/proxy/account-abstraction/status?
2025-09-07T15:30:54.869 application=api_v2 request_id=GGMJzM7-DZXokzkAAG7h [info] Sent 200 in 13ms on GET /api/v2/main-page/indexing-status?
2025-09-07T15:30:54.872 application=api_v2 request_id=GGMJzM_6VOpZjMoAADsj [info] Sent 501 in 39µs on GET /api/v2/proxy/account-abstraction/status?
2025-09-07T15:30:59.889 application=api_v2 request_id=GGMJzfpJmEup3zkAADvj [info] Sent 200 in 11ms on GET /api/v2/main-page/indexing-status?
2025-09-07T15:30:59.894 application=api_v2 request_id=GGMJzftNwQsw-yEAADwD [info] Sent 501 in 78µs on GET /api/v2/proxy/account-abstraction/status?
2025-09-07T15:31:04.913 application=api_v2 request_id=GGMJzyWUaUzPTbQAAHDB [info] Sent 200 in 14ms on GET /api/v2/main-page/indexing-status?
2025-09-07T15:31:04.917 application=api_v2 request_id=GGMJzyauOdQz3M4AAD0j [info] Sent 501 in 49µs on GET /api/v2/proxy/account-abstraction/status?
2025-09-07T15:31:09.938 application=api_v2 request_id=GGMJ0FEEQ2uHlLoAAD4D [info] Sent 200 in 15ms on GET /api/v2/main-page/indexing-status?
2025-09-07T15:31:09.941 application=api_v2 request_id=GGMJ0FIhkie5Zm0AAD4j [info] Sent 501 in 55µs on GET /api/v2/proxy/account-abstraction/status?
2025-09-07T15:31:14.951 application=api_v2 request_id=GGMJ0Xxj-JDtrP8AAD8D [info] Sent 200 in 5ms on GET /api/v2/main-page/indexing-status?
2025-09-07T15:31:14.953 application=api_v2 request_id=GGMJ0Xzg1g_0ke0AAD8j [info] Sent 501 in 48µs on GET /api/v2/proxy/account-abstraction/status?
2025-09-07T15:31:19.968 application=api_v2 request_id=GGMJ0qc7ru1kiHcAAD_D [info] Sent 200 in 8ms on GET /api/v2/main-page/indexing-status?
2025-09-07T15:31:19.971 application=api_v2 request_id=GGMJ0qf22FegtPUAAD_j [info] Sent 501 in 58µs on GET /api/v2/proxy/account-abstraction/status?
2025-09-07T15:31:24.996 application=api_v2 request_id=GGMJ09Jc1kvyqrsAAECD [info] Sent 200 in 18ms on GET /api/v2/main-page/indexing-status?
2025-09-07T15:31:24.998 application=api_v2 request_id=GGMJ09OjWYkVJaoAAHVh [info] Sent 501 in 55µs on GET /api/v2/proxy/account-abstraction/status?
2025-09-07T15:31:30.020 application=api_v2 request_id=GGMJ1P41Mnxa2HQAAEGj [info] Sent 200 in 12ms on GET /api/v2/main-page/indexing-status?
2025-09-07T15:31:30.024 application=api_v2 request_id=GGMJ1P8wHYOfVHMAAEHD [info] Sent 501 in 88µs on GET /api/v2/proxy/account-abstraction/status?
2025-09-07T15:31:35.042 application=api_v2 request_id=GGMJ1imuGDPAy8wAAEND [info] Sent 200 in 9ms on GET /api/v2/main-page/indexing-status?
2025-09-07T15:31:35.046 application=api_v2 request_id=GGMJ1iqGJHfri80AAENj [info] Sent 501 in 82µs on GET /api/v2/proxy/account-abstraction/status?
2025-09-07T15:31:40.062 application=api_v2 request_id=GGMJ11T2CQnf9FgAAEYi [info] Sent 200 in 9ms on GET /api/v2/main-page/indexing-status?
2025-09-07T15:31:40.065 application=api_v2 request_id=GGMJ11W7H8ncM1wAAD7E [info] Sent 501 in 81µs on GET /api/v2/proxy/account-abstraction/status?
2025-09-07T15:31:45.084 application=api_v2 request_id=GGMJ2IA6ySOPjUUAAECE [info] Sent 200 in 9ms on GET /api/v2/main-page/indexing-status?
2025-09-07T15:31:45.088 application=api_v2 request_id=GGMJ2IEX-FnMbuUAAC4l [info] Sent 501 in 96µs on GET /api/v2/proxy/account-abstraction/status?
2025-09-07T15:31:50.107 application=api_v2 request_id=GGMJ2auLrNS1S7QAAC5l [info] Sent 200 in 11ms on GET /api/v2/main-page/indexing-status?
2025-09-07T15:31:50.111 application=api_v2 request_id=GGMJ2ax2is4E4NkAAEJE [info] Sent 501 in 77µs on GET /api/v2/proxy/account-abstraction/status?
2025-09-07T15:31:55.132 application=api_v2 request_id=GGMJ2tb-29BT52MAAEQE [info] Sent 200 in 12ms on GET /api/v2/main-page/indexing-status?
2025-09-07T15:31:55.137 application=api_v2 request_id=GGMJ2tgFDTsKCSsAAEQk [info] Sent 501 in 93µs on GET /api/v2/proxy/account-abstraction/status?
2025-09-07T15:32:00.157 application=api_v2 request_id=GGMJ3AKK04YoTUoAAEUE [info] Sent 200 in 11ms on GET /api/v2/main-page/indexing-status?
2025-09-07T15:32:00.165 application=api_v2 request_id=GGMJ3AOyegwqXHQAAIEB [info] Sent 501 in 117µs on GET /api/v2/proxy/account-abstraction/status?
2025-09-07T15:32:05.181 application=api_v2 request_id=GGMJ3S4_WBkT6PYAAEaE [info] Sent 200 in 7ms on GET /api/v2/main-page/indexing-status?
2025-09-07T15:32:05.186 application=api_v2 request_id=GGMJ3S8LHh19EDEAAEbE [info] Sent 501 in 71µs on GET /api/v2/proxy/account-abstraction/status?
2025-09-07T15:32:10.201 application=api_v2 request_id=GGMJ3ll7PXC2cp0AAEfE [info] Sent 200 in 7ms on GET /api/v2/main-page/indexing-status?
2025-09-07T15:32:10.204 application=api_v2 request_id=GGMJ3loYBVfb4i8AAE2j [info] Sent 501 in 83µs on GET /api/v2/proxy/account-abstraction/status?
2025-09-07T15:32:15.223 application=api_v2 request_id=GGMJ34R9slpyHW0AAE8D [info] Sent 200 in 12ms on GET /api/v2/main-page/indexing-status?
2025-09-07T15:32:15.227 application=api_v2 request_id=GGMJ34WCfQwzqJEAAFBi [info] Sent 501 in 80µs on GET /api/v2/proxy/account-abstraction/status?
2025-09-07T15:32:20.248 application=api_v2 request_id=GGMJ4K_5-0C2DnEAAEvk [info] Sent 200 in 12ms on GET /api/v2/main-page/indexing-status?
2025-09-07T15:32:20.252 application=api_v2 request_id=GGMJ4LD3FdmZsrcAAEwE [info] Sent 501 in 76µs on GET /api/v2/proxy/account-abstraction/status?
2025-09-07T15:32:25.274 application=api_v2 request_id=GGMJ4dtTj0as8HQAAEzk [info] Sent 200 in 17ms on GET /api/v2/main-page/indexing-status?
2025-09-07T15:32:25.277 application=api_v2 request_id=GGMJ4dyIvNqv22wAAE0E [info] Sent 501 in 69µs on GET /api/v2/proxy/account-abstraction/status?
2025-09-07T15:32:30.293 application=api_v2 request_id=GGMJ4wbi02OsXj8AAFWC [info] Sent 200 in 10ms on GET /api/v2/main-page/indexing-status?
2025-09-07T15:32:30.298 application=api_v2 request_id=GGMJ4wfMx874FmIAAE4k [info] Sent 501 in 95µs on GET /api/v2/proxy/account-abstraction/status?
2025-09-07T15:32:35.318 application=api_v2 request_id=GGMJ5DJk__A4AAoAAI2B [info] Sent 200 in 10ms on GET /api/v2/main-page/indexing-status?
2025-09-07T15:32:35.326 application=api_v2 request_id=GGMJ5DN8Bu4VS9cAAFbC [info] Sent 501 in 105µs on GET /api/v2/proxy/account-abstraction/status?
2025-09-07T15:32:40.356 application=api_v2 request_id=GGMJ5V4vQM2NiYwAAI_B [info] Sent 200 in 18ms on GET /api/v2/main-page/indexing-status?
2025-09-07T15:32:40.360 application=api_v2 request_id=GGMJ5V-RmqufN3sAAFCk [info] Sent 501 in 71µs on GET /api/v2/proxy/account-abstraction/status?
2025-09-07T15:32:45.380 application=api_v2 request_id=GGMJ5on_73-vw1EAAJEh [info] Sent 200 in 13ms on GET /api/v2/main-page/indexing-status?
2025-09-07T15:32:45.384 application=api_v2 request_id=GGMJ5osI01nbLfcAAFnC [info] Sent 501 in 122µs on GET /api/v2/proxy/account-abstraction/status?
2025-09-07T15:32:50.404 application=api_v2 request_id=GGMJ57V9zIeF6y0AAJKB [info] Sent 200 in 11ms on GET /api/v2/main-page/indexing-status?
2025-09-07T15:32:50.409 application=api_v2 request_id=GGMJ57aBYdF52O4AAFPk [info] Sent 501 in 101µs on GET /api/v2/proxy/account-abstraction/status?
2025-09-07T15:32:55.420 application=api_v2 request_id=GGMJ6ODNmg9WJlkAAJTB [info] Sent 200 in 6ms on GET /api/v2/main-page/indexing-status?
2025-09-07T15:32:55.423 application=api_v2 request_id=GGMJ6OFhGyFZz0IAAJTh [info] Sent 501 in 46µs on GET /api/v2/proxy/account-abstraction/status?
2025-09-07T15:33:00.444 application=api_v2 request_id=GGMJ6gvEayh3dA4AAF5i [info] Sent 200 in 14ms on GET /api/v2/main-page/indexing-status?
2025-09-07T15:33:00.449 application=api_v2 request_id=GGMJ6gzp-Q9vV1wAAFbk [info] Sent 501 in 92µs on GET /api/v2/proxy/account-abstraction/status?
2025-09-07T15:33:05.463 application=api_v2 request_id=GGMJ6zdbpLQotNQAAGBi [info] Sent 200 in 7ms on GET /api/v2/main-page/indexing-status?
2025-09-07T15:33:05.468 application=api_v2 request_id=GGMJ6zgd1ewAqzwAAGCC [info] Sent 501 in 135µs on GET /api/v2/proxy/account-abstraction/status?
2025-09-07T15:33:10.491 application=api_v2 request_id=GGMJ7GKFR7q_D7gAAFlE [info] Sent 200 in 16ms on GET /api/v2/main-page/indexing-status?
2025-09-07T15:33:10.495 application=api_v2 request_id=GGMJ7GO6LLefM5IAAGLC [info] Sent 501 in 64µs on GET /api/v2/proxy/account-abstraction/status?
2025-09-07T15:33:15.511 application=api_v2 request_id=GGMJ7Y4SNDtwzA0AAGTi [info] Sent 200 in 10ms on GET /api/v2/main-page/indexing-status?
2025-09-07T15:33:15.515 application=api_v2 request_id=GGMJ7Y7vHM7u_C4AAFrk [info] Sent 501 in 81µs on GET /api/v2/proxy/account-abstraction/status?
2025-09-07T15:33:20.537 application=api_v2 request_id=GGMJ7rmSyy-GFmkAAGYC [info] Sent 200 in 11ms on GET /api/v2/main-page/indexing-status?
2025-09-07T15:33:20.542 application=api_v2 request_id=GGMJ7rqDxxRpDfsAAGYi [info] Sent 501 in 121µs on GET /api/v2/proxy/account-abstraction/status?
2025-09-07T15:33:25.565 application=api_v2 request_id=GGMJ7-T42Q_SuRUAAGcC [info] Sent 200 in 16ms on GET /api/v2/main-page/indexing-status?
2025-09-07T15:33:25.568 application=api_v2 request_id=GGMJ7-YoxRnWnmQAAGci [info] Sent 501 in 60µs on GET /api/v2/proxy/account-abstraction/status?
2025-09-07T15:33:30.582 application=api_v2 request_id=GGMJ8RBys2eXQNEAAGki [info] Sent 200 in 10ms on GET /api/v2/main-page/indexing-status?
2025-09-07T15:33:30.587 application=api_v2 request_id=GGMJ8RFWxFW9OrUAAGlC [info] Sent 501 in 77µs on GET /api/v2/proxy/account-abstraction/status?
2025-09-07T15:33:35.604 application=api_v2 request_id=GGMJ8juwazeMqDUAAGqi [info] Sent 200 in 11ms on GET /api/v2/main-page/indexing-status?
2025-09-07T15:33:35.608 application=api_v2 request_id=GGMJ8jydQhMRxVkAADYF [info] Sent 501 in 81µs on GET /api/v2/proxy/account-abstraction/status?
2025-09-07T15:33:40.625 application=api_v2 request_id=GGMJ82cZP_nKzUsAADdF [info] Sent 200 in 8ms on GET /api/v2/main-page/indexing-status?
2025-09-07T15:33:40.629 application=api_v2 request_id=GGMJ82faxxscXUwAAGxi [info] Sent 501 in 78µs on GET /api/v2/proxy/account-abstraction/status?
2025-09-07T15:33:45.653 application=api_v2 request_id=GGMJ9JJycnS9v7gAADhF [info] Sent 200 in 14ms on GET /api/v2/main-page/indexing-status?
2025-09-07T15:33:45.658 application=api_v2 request_id=GGMJ9JOjauEZtXEAADhl [info] Sent 501 in 112µs on GET /api/v2/proxy/account-abstraction/status?
2025-09-07T15:33:50.675 application=api_v2 request_id=GGMJ9b4DNtdJiCcAADqF [info] Sent 200 in 10ms on GET /api/v2/main-page/indexing-status?
2025-09-07T15:33:50.679 application=api_v2 request_id=GGMJ9b7qc_LfVE4AAG8C [info] Sent 501 in 82µs on GET /api/v2/proxy/account-abstraction/status?
2025-09-07T15:33:55.697 application=api_v2 request_id=GGMJ9ulXbkIWCXYAAG_i [info] Sent 200 in 11ms on GET /api/v2/main-page/indexing-status?
2025-09-07T15:33:55.703 application=api_v2 request_id=GGMJ9upVP6KkeRIAAHAC [info] Sent 501 in 90µs on GET /api/v2/proxy/account-abstraction/status?
2025-09-07T15:34:00.712 application=api_v2 request_id=GGMJ-BSl0kw0B0MAAHIC [info] Sent 200 in 4ms on GET /api/v2/main-page/indexing-status?
2025-09-07T15:34:00.714 application=api_v2 request_id=GGMJ-BUSl61CngAAAHIi [info] Sent 501 in 42µs on GET /api/v2/proxy/account-abstraction/status?
2025-09-07T15:34:05.725 application=api_v2 request_id=GGMJ-T9njrD_32cAAG4E [info] Sent 200 in 5ms on GET /api/v2/main-page/indexing-status?
2025-09-07T15:34:05.728 application=api_v2 request_id=GGMJ-T_pij7oU4UAAKYB [info] Sent 501 in 86µs on GET /api/v2/proxy/account-abstraction/status?
2025-09-07T15:34:10.752 application=api_v2 request_id=GGMJ-mqXNw0NCPoAAKdB [info] Sent 200 in 12ms on GET /api/v2/main-page/indexing-status?
2025-09-07T15:34:10.756 application=api_v2 request_id=GGMJ-mua8XM5wmMAABTH [info] Sent 501 in 80µs on GET /api/v2/proxy/account-abstraction/status?
2025-09-07T15:34:15.769 application=api_v2 request_id=GGMJ-5XkQttISKEAABTn [info] Sent 200 in 7ms on GET /api/v2/main-page/indexing-status?
2025-09-07T15:34:15.772 application=api_v2 request_id=GGMJ-5aWJ7Vhly4AAHbi [info] Sent 501 in 52µs on GET /api/v2/proxy/account-abstraction/status?
2025-09-07T15:34:20.788 application=api_v2 request_id=GGMJ_MD3TUO2wQIAAKlh [info] Sent 200 in 9ms on GET /api/v2/main-page/indexing-status?
2025-09-07T15:34:20.792 application=api_v2 request_id=GGMJ_MHJoart_6IAAKmB [info] Sent 501 in 74µs on GET /api/v2/proxy/account-abstraction/status?
2025-09-07T15:34:25.822 application=api_v2 request_id=GGMJ_ewpISF2xQYAAHNE [info] Sent 200 in 23ms on GET /api/v2/main-page/indexing-status?
2025-09-07T15:34:25.825 application=api_v2 request_id=GGMJ_e3LP7R1f0sAAHNk [info] Sent 501 in 75µs on GET /api/v2/proxy/account-abstraction/status?
2025-09-07T15:34:30.839 application=api_v2 request_id=GGMJ_xg0BN61ZasAAKxh [info] Sent 200 in 6ms on GET /api/v2/main-page/indexing-status?
2025-09-07T15:34:30.842 application=api_v2 request_id=GGMJ_xjP_EbB3UIAAHRk [info] Sent 501 in 65µs on GET /api/v2/proxy/account-abstraction/status?
2025-09-07T15:34:35.855 application=api_v2 request_id=GGMKAEMxpsEmdhQAAK0h [info] Sent 200 in 6ms on GET /api/v2/main-page/indexing-status?
2025-09-07T15:34:35.859 application=api_v2 request_id=GGMKAEPZvLPK0YoAAEdF [info] Sent 501 in 86µs on GET /api/v2/proxy/account-abstraction/status?
2025-09-07T15:34:40.871 application=api_v2 request_id=GGMKAW5NLvAaJ2QAAHVE [info] Sent 200 in 4ms on GET /api/v2/main-page/indexing-status?
2025-09-07T15:34:40.873 application=api_v2 request_id=GGMKAW6vlQoeW5MAAK3B [info] Sent 501 in 36µs on GET /api/v2/proxy/account-abstraction/status?
2025-09-07T15:34:45.886 application=api_v2 request_id=GGMKApkFYj_mDHMAAK7B [info] Sent 200 in 6ms on GET /api/v2/main-page/indexing-status?
2025-09-07T15:34:45.890 application=api_v2 request_id=GGMKApmofSH3IHEAAEoF [info] Sent 501 in 79µs on GET /api/v2/proxy/account-abstraction/status?
2025-09-07T15:34:50.901 application=api_v2 request_id=GGMKA8QDlNRs5S8AAHeE [info] Sent 200 in 5ms on GET /api/v2/main-page/indexing-status?
2025-09-07T15:34:50.905 application=api_v2 request_id=GGMKA8SbVfPISx8AAHek [info] Sent 501 in 66µs on GET /api/v2/proxy/account-abstraction/status?
2025-09-07T15:34:55.921 application=api_v2 request_id=GGMKBO8j5SLgxnoAALGh [info] Sent 200 in 7ms on GET /api/v2/main-page/indexing-status?
2025-09-07T15:34:55.925 application=api_v2 request_id=GGMKBO_VVXMpEZYAALHB [info] Sent 501 in 67µs on GET /api/v2/proxy/account-abstraction/status?
2025-09-07T15:35:00.936 application=api_v2 request_id=GGMKBhofnEyce9kAAIFi [info] Sent 200 in 6ms on GET /api/v2/main-page/indexing-status?
2025-09-07T15:35:00.939 application=api_v2 request_id=GGMKBhqqs2R5O0AAADTm [info] Sent 501 in 47µs on GET /api/v2/proxy/account-abstraction/status?
2025-09-07T15:35:05.949 application=api_v2 request_id=GGMKB0T61mclCvwAALOh [info] Sent 200 in 5ms on GET /api/v2/main-page/indexing-status?
2025-09-07T15:35:05.952 application=api_v2 request_id=GGMKB0WBG_CJzw0AALPB [info] Sent 501 in 54µs on GET /api/v2/proxy/account-abstraction/status?
2025-09-07T15:35:10.962 application=api_v2 request_id=GGMKCG_KwVTl1csAABYn [info] Sent 200 in 5ms on GET /api/v2/main-page/indexing-status?
2025-09-07T15:35:10.965 application=api_v2 request_id=GGMKCHBLXp-ljhkAABZH [info] Sent 501 in 58µs on GET /api/v2/proxy/account-abstraction/status?
2025-09-07T15:35:15.973 application=api_v2 request_id=GGMKCZp6JZcRndsAALWh [info] Sent 200 in 4ms on GET /api/v2/main-page/indexing-status?
2025-09-07T15:35:15.974 application=api_v2 request_id=GGMKCZrZhR7g5b8AALXB [info] Sent 501 in 33µs on GET /api/v2/proxy/account-abstraction/status?
2025-09-07T15:35:20.984 application=api_v2 request_id=GGMKCsU3tn2jM0QAALZh [info] Sent 200 in 4ms on GET /api/v2/main-page/indexing-status?
2025-09-07T15:35:20.986 application=api_v2 request_id=GGMKCsWizbEAgUsAALaB [info] Sent 501 in 49µs on GET /api/v2/proxy/account-abstraction/status?
2025-09-07T15:35:26.002 application=api_v2 request_id=GGMKC_Ai_snDwoIAALdB [info] Sent 200 in 7ms on GET /api/v2/main-page/indexing-status?
2025-09-07T15:35:26.006 application=api_v2 request_id=GGMKC_DYFyP5AeAAABbn [info] Sent 501 in 47µs on GET /api/v2/proxy/account-abstraction/status?
2025-09-07T15:35:31.015 application=api_v2 request_id=GGMKDRsd30TOKcsAABcH [info] Sent 200 in 4ms on GET /api/v2/main-page/indexing-status?
2025-09-07T15:35:31.017 application=api_v2 request_id=GGMKDRuACp1QN-YAABcn [info] Sent 501 in 40µs on GET /api/v2/proxy/account-abstraction/status?
2025-09-07T15:35:36.037 application=api_v2 request_id=GGMKDkYVfe5zVpkAALlh [info] Sent 200 in 10ms on GET /api/v2/main-page/indexing-status?
2025-09-07T15:35:36.042 application=api_v2 request_id=GGMKDkb_od8B_KQAALmB [info] Sent 501 in 134µs on GET /api/v2/proxy/account-abstraction/status?
2025-09-07T15:35:41.051 application=api_v2 request_id=GGMKD3FNep55MAsAABdH [info] Sent 200 in 5ms on GET /api/v2/main-page/indexing-status?
2025-09-07T15:35:41.053 application=api_v2 request_id=GGMKD3G882fFaycAAIWk [info] Sent 501 in 24µs on GET /api/v2/proxy/account-abstraction/status?
2025-09-07T15:35:41.093 application=api_v2 request_id=GGMKD3QXm63GjUoAALqB [info] Sent 200 in 303µs on GET /api/v2/config/backend-version?
2025-09-07T15:35:41.100 application=api_v2 request_id=GGMKD3QZoUF4vCsAAIXE [info] Sent 200 in 6ms on GET /api/v2/main-page/indexing-status?
2025-09-07T15:35:41.107 application=api_v2 request_id=GGMKD3P2IQq2-N8AALph [info] Sent 200 in 16ms on GET /api/v2/stats?
2025-09-07T15:35:41.264 application=api_v2 request_id=GGMKD335sSyfBesAALrh [info] Sent 200 in 5ms on GET /api/v2/main-page/blocks?
2025-09-07T15:35:41.327 application=api_v2 request_id=GGMKD38UaFYUKqsAAHgD [info] Sent 200 in 48ms on GET /api/v2/main-page/transactions?
2025-09-07T15:35:46.067 application=api_v2 request_id=GGMKEJwL392CgBoAALzh [info] Sent 200 in 8ms on GET /api/v2/main-page/indexing-status?
2025-09-07T15:35:46.071 application=api_v2 request_id=GGMKEJzI6B4UlTkAAIek [info] Sent 501 in 61µs on GET /api/v2/proxy/account-abstraction/status?
2025-09-07T15:35:51.078 application=api_v2 request_id=GGMKEcb--0GBeUwAAL3h [info] Sent 200 in 3ms on GET /api/v2/main-page/indexing-status?
2025-09-07T15:35:51.079 application=api_v2 request_id=GGMKEcdTBWqSWVUAAIlk [info] Sent 501 in 46µs on GET /api/v2/proxy/account-abstraction/status?
2025-09-07T15:35:56.095 application=api_v2 request_id=GGMKEvGyWULhHrIAAIsk [info] Sent 200 in 9ms on GET /api/v2/main-page/indexing-status?
2025-09-07T15:35:56.099 application=api_v2 request_id=GGMKEvJ_HviOSxAAAItE [info] Sent 501 in 85µs on GET /api/v2/proxy/account-abstraction/status?
2025-09-07T15:36:01.105 application=api_v2 request_id=GGMKFBzClQd4VVcAAIwk [info] Sent 200 in 2ms on GET /api/v2/main-page/indexing-status?
2025-09-07T15:36:01.107 application=api_v2 request_id=GGMKFBz-X6u-SCwAAIxE [info] Sent 501 in 21µs on GET /api/v2/proxy/account-abstraction/status?
2025-09-07T15:36:06.113 application=api_v2 request_id=GGMKFUctoIyW5uQAAIzk [info] Sent 200 in 4ms on GET /api/v2/main-page/indexing-status?
2025-09-07T15:36:06.115 application=api_v2 request_id=GGMKFUeEIBqBcj0AAI0E [info] Sent 501 in 26µs on GET /api/v2/proxy/account-abstraction/status?
2025-09-07T15:36:11.127 application=api_v2 request_id=GGMKFnHq9X_-CVUAAI6E [info] Sent 200 in 5ms on GET /api/v2/main-page/indexing-status?
2025-09-07T15:36:11.130 application=api_v2 request_id=GGMKFnJyARw5vOgAAI6k [info] Sent 501 in 63µs on GET /api/v2/proxy/account-abstraction/status?
2025-09-07T15:36:13.538 application=api_v2 request_id=GGMKFwEtpwRfp9AAAI8k [info] Sent 200 in 12ms on GET /api/v2/stats?
2025-09-07T15:36:16.145 application=api_v2 request_id=GGMKF5y-tjD8ZVgAAI9k [info] Sent 200 in 10ms on GET /api/v2/main-page/indexing-status?
2025-09-07T15:36:16.148 application=api_v2 request_id=GGMKF52GIPg0vEEAAI-E [info] Sent 501 in 81µs on GET /api/v2/proxy/account-abstraction/status?
2025-09-07T15:36:21.167 application=api_v2 request_id=GGMKGMf1zCT36fYAAJCE [info] Sent 200 in 11ms on GET /api/v2/main-page/indexing-status?
2025-09-07T15:36:21.171 application=api_v2 request_id=GGMKGMjr378enPkAAJCk [info] Sent 501 in 77µs on GET /api/v2/proxy/account-abstraction/status?
2025-09-07T15:36:26.196 application=api_v2 request_id=GGMKGfPC0lCW-8gAAJFE [info] Sent 200 in 10ms on GET /api/v2/main-page/indexing-status?
2025-09-07T15:36:26.200 application=api_v2 request_id=GGMKGfSrffT-QikAAJFk [info] Sent 501 in 89µs on GET /api/v2/proxy/account-abstraction/status?
2025-09-07T15:36:31.217 application=api_v2 request_id=GGMKGx7_Kw2M5gYAAJKE [info] Sent 200 in 12ms on GET /api/v2/main-page/indexing-status?
2025-09-07T15:36:31.222 application=api_v2 request_id=GGMKGyADwaoTb-MAAJKk [info] Sent 501 in 70µs on GET /api/v2/proxy/account-abstraction/status?
2025-09-07T15:36:36.241 application=api_v2 request_id=GGMKHEqFLYk-y70AAJNk [info] Sent 200 in 10ms on GET /api/v2/main-page/indexing-status?
2025-09-07T15:36:36.246 application=api_v2 request_id=GGMKHEtwEi_FmFAAAJOE [info] Sent 501 in 96µs on GET /api/v2/proxy/account-abstraction/status?
2025-09-07T15:36:41.263 application=api_v2 request_id=GGMKHXX93yqG1PkAAJPk [info] Sent 200 in 8ms on GET /api/v2/main-page/indexing-status?
2025-09-07T15:36:41.268 application=api_v2 request_id=GGMKHXbO2lqu9VUAAJQE [info] Sent 501 in 101µs on GET /api/v2/proxy/account-abstraction/status?
2025-09-07T15:36:42.544 application=api_v2 request_id=GGMKHcHVrxZnKhAAAJRE [info] Sent 200 in 16ms on GET /api/v2/stats?
2025-09-07T15:36:46.281 application=api_v2 request_id=GGMKHqEy-RWvqM0AAJUk [info] Sent 200 in 8ms on GET /api/v2/main-page/indexing-status?
2025-09-07T15:36:46.284 application=api_v2 request_id=GGMKHqHu8YaHVvcAAIPj [info] Sent 501 in 52µs on GET /api/v2/proxy/account-abstraction/status?
2025-09-07T15:36:51.292 application=api_v2 request_id=GGMKH8w7JQw5XOUAAJdE [info] Sent 200 in 3ms on GET /api/v2/main-page/indexing-status?
2025-09-07T15:36:51.293 application=api_v2 request_id=GGMKH8yAw3o54F4AAJdk [info] Sent 501 in 29µs on GET /api/v2/proxy/account-abstraction/status?
2025-09-07T15:36:56.314 application=api_v2 request_id=GGMKIPbVArxUmEUAABwn [info] Sent 200 in 14ms on GET /api/v2/main-page/indexing-status?
2025-09-07T15:36:56.318 application=api_v2 request_id=GGMKIPf9PDvwz1wAAJkk [info] Sent 501 in 85µs on GET /api/v2/proxy/account-abstraction/status?
2025-09-07T15:37:01.340 application=api_v2 request_id=GGMKIiJ9NdMQFwgAAJqE [info] Sent 200 in 13ms on GET /api/v2/main-page/indexing-status?
2025-09-07T15:37:01.344 application=api_v2 request_id=GGMKIiOPvE5F9YwAAJqk [info] Sent 501 in 80µs on GET /api/v2/proxy/account-abstraction/status?
2025-09-07T15:37:06.350 application=api_v2 request_id=GGMKI03RdTb20hQAAJuE [info] Sent 200 in 2ms on GET /api/v2/main-page/indexing-status?
2025-09-07T15:37:06.352 application=api_v2 request_id=GGMKI04RtUszgHgAAJuk [info] Sent 501 in 23µs on GET /api/v2/proxy/account-abstraction/status?
2025-09-07T15:37:11.368 application=api_v2 request_id=GGMKJHhuV9luX0YAAJzE [info] Sent 200 in 10ms on GET /api/v2/main-page/indexing-status?
2025-09-07T15:37:11.373 application=api_v2 request_id=GGMKJHlX4Af9L6EAAJzk [info] Sent 501 in 88µs on GET /api/v2/proxy/account-abstraction/status?
2025-09-07T15:37:14.546 application=api_v2 request_id=GGMKJTVH6yPqYaoAAIjD [info] Sent 200 in 19ms on GET /api/v2/stats?
2025-09-07T15:37:16.374 application=api_v2 request_id=GGMKJaOzmIccszEAAJ2k [info] Sent 200 in 5ms on GET /api/v2/main-page/indexing-status?
2025-09-07T15:37:16.377 application=api_v2 request_id=GGMKJaQueeP-fK0AAJ3E [info] Sent 501 in 44µs on GET /api/v2/proxy/account-abstraction/status?
2025-09-07T15:37:21.392 application=api_v2 request_id=GGMKJs3Mqm0kkJ8AAJ7E [info] Sent 200 in 9ms on GET /api/v2/main-page/indexing-status?
2025-09-07T15:37:21.397 application=api_v2 request_id=GGMKJs6qoyJI3RkAAJ7k [info] Sent 501 in 94µs on GET /api/v2/proxy/account-abstraction/status?
2025-09-07T15:37:26.407 application=api_v2 request_id=GGMKJ_j0rr2Q0MUAANfB [info] Sent 200 in 5ms on GET /api/v2/main-page/indexing-status?
2025-09-07T15:37:26.408 application=api_v2 request_id=GGMKJ_ljSdjhnbAAAJ-E [info] Sent 501 in 31µs on GET /api/v2/proxy/account-abstraction/status?
2025-09-07T15:37:31.427 application=api_v2 request_id=GGMKKSPQqogb9tYAAI8D [info] Sent 200 in 11ms on GET /api/v2/main-page/indexing-status?
2025-09-07T15:37:31.431 application=api_v2 request_id=GGMKKSTC2tuWeyEAAJ_k [info] Sent 501 in 77µs on GET /api/v2/proxy/account-abstraction/status?
2025-09-07T15:37:36.440 application=api_v2 request_id=GGMKKk8lytuwBUQAANmB [info] Sent 200 in 2ms on GET /api/v2/main-page/indexing-status?
2025-09-07T15:37:36.441 application=api_v2 request_id=GGMKKk9hYjpnEdAAAKDE [info] Sent 501 in 20µs on GET /api/v2/proxy/account-abstraction/status?
2025-09-07T15:37:41.458 application=api_v2 request_id=GGMKK3nCMSR0rcMAAKFE [info] Sent 200 in 9ms on GET /api/v2/main-page/indexing-status?
2025-09-07T15:37:41.461 application=api_v2 request_id=GGMKK3qZehjKXwAAANqB [info] Sent 501 in 71µs on GET /api/v2/proxy/account-abstraction/status?
2025-09-07T15:37:45.535 application=api_v2 request_id=GGMKLGxK3yLkruMAAEdG [info] Sent 200 in 18ms on GET /api/v2/stats?
2025-09-07T15:37:46.466 application=api_v2 request_id=GGMKLKTSEEtGiwkAACCn [info] Sent 200 in 2ms on GET /api/v2/main-page/indexing-status?
2025-09-07T15:37:46.467 application=api_v2 request_id=GGMKLKUSUn2YrqsAAKKk [info] Sent 501 in 33µs on GET /api/v2/proxy/account-abstraction/status?
2025-09-07T15:37:51.474 application=api_v2 request_id=GGMKLc9YhY5l9v0AAKMk [info] Sent 200 in 2ms on GET /api/v2/main-page/indexing-status?
2025-09-07T15:37:51.476 application=api_v2 request_id=GGMKLc-dzwbhanUAAKNE [info] Sent 501 in 39µs on GET /api/v2/proxy/account-abstraction/status?
2025-09-07T15:37:56.491 application=api_v2 request_id=GGMKLvoHfrkm-JwAAKPk [info] Sent 200 in 7ms on GET /api/v2/main-page/indexing-status?
2025-09-07T15:37:56.494 application=api_v2 request_id=GGMKLvq3qIvXeqYAAKQE [info] Sent 501 in 98µs on GET /api/v2/proxy/account-abstraction/status?
2025-09-07T15:38:01.522 application=api_v2 request_id=GGMKMCXDyQsg_HYAAJeD [info] Sent 200 in 11ms on GET /api/v2/main-page/indexing-status?
2025-09-07T15:38:01.526 application=api_v2 request_id=GGMKMCaiH1ZeyN4AAJej [info] Sent 501 in 37µs on GET /api/v2/proxy/account-abstraction/status?
2025-09-07T15:38:06.532 application=api_v2 request_id=GGMKMVDfP_mJm-4AAKSk [info] Sent 200 in 2ms on GET /api/v2/main-page/indexing-status?
2025-09-07T15:38:06.533 application=api_v2 request_id=GGMKMVEa8y1T6BQAAKTE [info] Sent 501 in 22µs on GET /api/v2/proxy/account-abstraction/status?
2025-09-07T15:38:11.542 application=api_v2 request_id=GGMKMntgW8RbRM8AAKTk [info] Sent 200 in 4ms on GET /api/v2/main-page/indexing-status?
2025-09-07T15:38:11.545 application=api_v2 request_id=GGMKMnvN9OUWcFUAAKUE [info] Sent 501 in 49µs on GET /api/v2/proxy/account-abstraction/status?
2025-09-07T15:38:16.532 application=api_v2 request_id=GGMKM6PnXoeffh0AAKUk [info] Sent 200 in 18ms on GET /api/v2/stats?
2025-09-07T15:38:16.559 application=api_v2 request_id=GGMKM6Y3BRd11M4AAKVE [info] Sent 200 in 7ms on GET /api/v2/main-page/indexing-status?
2025-09-07T15:38:16.562 application=api_v2 request_id=GGMKM6bd7PXlN-YAAKVk [info] Sent 501 in 59µs on GET /api/v2/proxy/account-abstraction/status?
2025-09-07T15:38:21.578 application=api_v2 request_id=GGMKNNEsuMF1H6YAAKXk [info] Sent 200 in 9ms on GET /api/v2/main-page/indexing-status?
2025-09-07T15:38:21.582 application=api_v2 request_id=GGMKNNH2uc_dITcAAKoC [info] Sent 501 in 79µs on GET /api/v2/proxy/account-abstraction/status?
2025-09-07T15:38:26.598 application=api_v2 request_id=GGMKNfxim6-kXiYAACSn [info] Sent 200 in 9ms on GET /api/v2/main-page/indexing-status?
2025-09-07T15:38:26.601 application=api_v2 request_id=GGMKNf0rmfLvB7AAAHhl [info] Sent 501 in 55µs on GET /api/v2/proxy/account-abstraction/status?
2025-09-07T15:38:31.616 application=api_v2 request_id=GGMKNyeN4soAbXoAAKfk [info] Sent 200 in 7ms on GET /api/v2/main-page/indexing-status?
2025-09-07T15:38:31.619 application=api_v2 request_id=GGMKNyg7bQ9tXa8AAKtC [info] Sent 501 in 51µs on GET /api/v2/proxy/account-abstraction/status?
2025-09-07T15:38:36.638 application=api_v2 request_id=GGMKOFLUPoSEcv4AAKjE [info] Sent 200 in 9ms on GET /api/v2/main-page/indexing-status?
2025-09-07T15:38:36.642 application=api_v2 request_id=GGMKOFOhE10YOYgAAOWB [info] Sent 501 in 81µs on GET /api/v2/proxy/account-abstraction/status?
2025-09-07T15:38:41.659 application=api_v2 request_id=GGMKOX4IPl_7a4YAAObh [info] Sent 200 in 10ms on GET /api/v2/main-page/indexing-status?
2025-09-07T15:38:41.664 application=api_v2 request_id=GGMKOX7us0ckzbsAAK2C [info] Sent 501 in 77µs on GET /api/v2/proxy/account-abstraction/status?
2025-09-07T15:38:46.679 application=api_v2 request_id=GGMKOqlYzmaKM58AAK8i [info] Sent 200 in 8ms on GET /api/v2/main-page/indexing-status?
2025-09-07T15:38:46.684 application=api_v2 request_id=GGMKOqoilDV5oBoAAHzF [info] Sent 501 in 89µs on GET /api/v2/proxy/account-abstraction/status?
2025-09-07T15:38:47.532 application=api_v2 request_id=GGMKOtuWsSSGCAcAAH0F [info] Sent 200 in 18ms on GET /api/v2/stats?
2025-09-07T15:38:51.702 application=api_v2 request_id=GGMKO9SrtED96dcAAKjj [info] Sent 200 in 9ms on GET /api/v2/main-page/indexing-status?
2025-09-07T15:38:51.707 application=api_v2 request_id=GGMKO9WTA76LEQUAAH8F [info] Sent 501 in 109µs on GET /api/v2/proxy/account-abstraction/status?
2025-09-07T15:38:56.730 application=api_v2 request_id=GGMKPQAEawj94P0AAOkh [info] Sent 200 in 15ms on GET /api/v2/main-page/indexing-status?
2025-09-07T15:38:56.734 application=api_v2 request_id=GGMKPQE0l4UCdOYAAH_l [info] Sent 501 in 80µs on GET /api/v2/proxy/account-abstraction/status?
2025-09-07T15:39:01.750 application=api_v2 request_id=GGMKPiuVnMyIuLsAAIDl [info] Sent 200 in 9ms on GET /api/v2/main-page/indexing-status?
2025-09-07T15:39:01.754 application=api_v2 request_id=GGMKPixr4NmrLFEAAIEF [info] Sent 501 in 73µs on GET /api/v2/proxy/account-abstraction/status?
2025-09-07T15:39:06.760 application=api_v2 request_id=GGMKP1arpHMejdsAAKtj [info] Sent 200 in 1ms on GET /api/v2/main-page/indexing-status?
2025-09-07T15:39:06.761 application=api_v2 request_id=GGMKP1bcOh3CApQAAKuD [info] Sent 501 in 20µs on GET /api/v2/proxy/account-abstraction/status?
2025-09-07T15:39:11.775 application=api_v2 request_id=GGMKQIEuuSFFptYAAKwj [info] Sent 200 in 8ms on GET /api/v2/main-page/indexing-status?
2025-09-07T15:39:11.778 application=api_v2 request_id=GGMKQIHnBAGJTVgAAIOF [info] Sent 501 in 74µs on GET /api/v2/proxy/account-abstraction/status?
2025-09-07T15:39:16.796 application=api_v2 request_id=GGMKQaxb46JtJtcAAIQl [info] Sent 200 in 9ms on GET /api/v2/main-page/indexing-status?
2025-09-07T15:39:16.800 application=api_v2 request_id=GGMKQa0sUGjTm5gAAIRF [info] Sent 501 in 86µs on GET /api/v2/proxy/account-abstraction/status?
2025-09-07T15:39:18.535 application=api_v2 request_id=GGMKQhNdw6CcvWgAAK2j [info] Sent 200 in 20ms on GET /api/v2/stats?
2025-09-07T15:39:21.813 application=api_v2 request_id=GGMKQtePNRLJB4cAAIUF [info] Sent 200 in 7ms on GET /api/v2/main-page/indexing-status?
2025-09-07T15:39:21.818 application=api_v2 request_id=GGMKQthQ62cm_noAACen [info] Sent 501 in 112µs on GET /api/v2/proxy/account-abstraction/status?
2025-09-07T15:39:26.839 application=api_v2 request_id=GGMKRAL-x0BWT9gAALsC [info] Sent 200 in 9ms on GET /api/v2/main-page/indexing-status?
2025-09-07T15:39:26.843 application=api_v2 request_id=GGMKRAPYV96JSqUAALsi [info] Sent 501 in 86µs on GET /api/v2/proxy/account-abstraction/status?
2025-09-07T15:39:31.855 application=api_v2 request_id=GGMKRS4kotS2tosAALMk [info] Sent 200 in 6ms on GET /api/v2/main-page/indexing-status?
2025-09-07T15:39:31.860 application=api_v2 request_id=GGMKRS7ZYVYQr7MAAIaF [info] Sent 501 in 108µs on GET /api/v2/proxy/account-abstraction/status?
2025-09-07T15:39:36.876 application=api_v2 request_id=GGMKRllu74GTNA8AALAj [info] Sent 200 in 6ms on GET /api/v2/main-page/indexing-status?
2025-09-07T15:39:36.880 application=api_v2 request_id=GGMKRloZFz1BjPYAAL1C [info] Sent 501 in 87µs on GET /api/v2/proxy/account-abstraction/status?
2025-09-07T15:39:41.899 application=api_v2 request_id=GGMKR4SHdNtoAt0AAL4C [info] Sent 200 in 11ms on GET /api/v2/main-page/indexing-status?
2025-09-07T15:39:41.903 application=api_v2 request_id=GGMKR4V9iPP80_UAAIkF [info] Sent 501 in 84µs on GET /api/v2/proxy/account-abstraction/status?
2025-09-07T15:39:46.917 application=api_v2 request_id=GGMKSK_V2gmoF00AAIpl [info] Sent 200 in 8ms on GET /api/v2/main-page/indexing-status?
2025-09-07T15:39:46.922 application=api_v2 request_id=GGMKSLCjUvLbxBcAAIqF [info] Sent 501 in 76µs on GET /api/v2/proxy/account-abstraction/status?
2025-09-07T15:39:49.532 application=api_v2 request_id=GGMKSUsVAuZUnzIAAIrl [info] Sent 200 in 18ms on GET /api/v2/stats?
2025-09-07T15:39:51.937 application=api_v2 request_id=GGMKSdsdtwNXhf8AAPsB [info] Sent 200 in 6ms on GET /api/v2/main-page/indexing-status?
2025-09-07T15:39:51.941 application=api_v2 request_id=GGMKSdvOliZycDMAAIuF [info] Sent 501 in 87µs on GET /api/v2/proxy/account-abstraction/status?
2025-09-07T15:39:56.954 application=api_v2 request_id=GGMKSwYmDhx5z8sAAMIi [info] Sent 200 in 7ms on GET /api/v2/main-page/indexing-status?
2025-09-07T15:39:56.957 application=api_v2 request_id=GGMKSwbJnduo53oAAMJC [info] Sent 501 in 65µs on GET /api/v2/proxy/account-abstraction/status?
2025-09-07T15:40:01.975 application=api_v2 request_id=GGMKTDFBkJnSkfQAAI5F [info] Sent 200 in 10ms on GET /api/v2/main-page/indexing-status?
2025-09-07T15:40:01.980 application=api_v2 request_id=GGMKTDIpH5KooYoAAMOi [info] Sent 501 in 93µs on GET /api/v2/proxy/account-abstraction/status?
2025-09-07T15:40:06.986 application=api_v2 request_id=GGMKTVxokaJ9RMcAAI9F [info] Sent 200 in 2ms on GET /api/v2/main-page/indexing-status?
2025-09-07T15:40:06.987 application=api_v2 request_id=GGMKTVyqE31ZmDQAAI9l [info] Sent 501 in 22µs on GET /api/v2/proxy/account-abstraction/status?
2025-09-07T15:40:12.005 application=api_v2 request_id=GGMKTocFsh0BK2wAAJAl [info] Sent 200 in 10ms on GET /api/v2/main-page/indexing-status?
2025-09-07T15:40:12.008 application=api_v2 request_id=GGMKTofq6KoQEFYAAJBF [info] Sent 501 in 89µs on GET /api/v2/proxy/account-abstraction/status?
2025-09-07T15:40:17.025 application=api_v2 request_id=GGMKT7JL0SHmP5AAAJDF [info] Sent 200 in 9ms on GET /api/v2/main-page/indexing-status?
2025-09-07T15:40:17.029 application=api_v2 request_id=GGMKT7Mm26yFvdoAALVD [info] Sent 501 in 87µs on GET /api/v2/proxy/account-abstraction/status?
2025-09-07T15:40:20.534 application=api_v2 request_id=GGMKUILpovJYFi8AAJFF [info] Sent 200 in 18ms on GET /api/v2/stats?
2025-09-07T15:40:22.046 application=api_v2 request_id=GGMKUN2VgCS3MVQAAJHl [info] Sent 200 in 9ms on GET /api/v2/main-page/indexing-status?
2025-09-07T15:40:22.050 application=api_v2 request_id=GGMKUN5xu9wOh0AAAJIF [info] Sent 501 in 105µs on GET /api/v2/proxy/account-abstraction/status?
2025-09-07T15:40:27.068 application=api_v2 request_id=GGMKUgjan8lYuwEAAJLl [info] Sent 200 in 9ms on GET /api/v2/main-page/indexing-status?
2025-09-07T15:40:27.072 application=api_v2 request_id=GGMKUgnKH8wdgP8AAJMF [info] Sent 501 in 85µs on GET /api/v2/proxy/account-abstraction/status?
2025-09-07T15:40:32.091 application=api_v2 request_id=GGMKUzRMbWt7luMAAJPl [info] Sent 200 in 9ms on GET /api/v2/main-page/indexing-status?
2025-09-07T15:40:32.096 application=api_v2 request_id=GGMKUzUwmV5nTtYAAJQF [info] Sent 501 in 248µs on GET /api/v2/proxy/account-abstraction/status?
2025-09-07T15:40:37.119 application=api_v2 request_id=GGMKVF_6hfPhraEAAJUl [info] Sent 200 in 10ms on GET /api/v2/main-page/indexing-status?
2025-09-07T15:40:37.123 application=api_v2 request_id=GGMKVGDeTaJtOsEAAC0H [info] Sent 501 in 100µs on GET /api/v2/proxy/account-abstraction/status?
2025-09-07T15:40:42.142 application=api_v2 request_id=GGMKVYtvIdjdJqIAAQPh [info] Sent 200 in 9ms on GET /api/v2/main-page/indexing-status?
2025-09-07T15:40:42.147 application=api_v2 request_id=GGMKVYxTK8ZlnB0AAJYl [info] Sent 501 in 94µs on GET /api/v2/proxy/account-abstraction/status?
2025-09-07T15:40:47.165 application=api_v2 request_id=GGMKVrbWkqRWHVIAAL0D [info] Sent 200 in 8ms on GET /api/v2/main-page/indexing-status?
2025-09-07T15:40:47.169 application=api_v2 request_id=GGMKVrei0erMXa0AAJcl [info] Sent 501 in 87µs on GET /api/v2/proxy/account-abstraction/status?
2025-09-07T15:40:51.533 application=api_v2 request_id=GGMKV7qejgUpP2EAAJkF [info] Sent 200 in 18ms on GET /api/v2/stats?
2025-09-07T15:40:52.190 application=api_v2 request_id=GGMKV-JOS-bFjw8AAJkl [info] Sent 200 in 9ms on GET /api/v2/main-page/indexing-status?
2025-09-07T15:40:52.195 application=api_v2 request_id=GGMKV-MvEeRy5eEAAJll [info] Sent 501 in 81µs on GET /api/v2/proxy/account-abstraction/status?
2025-09-07T15:40:57.211 application=api_v2 request_id=GGMKWQ2gGVC1H9cAACFo [info] Sent 200 in 8ms on GET /api/v2/main-page/indexing-status?
2025-09-07T15:40:57.214 application=api_v2 request_id=GGMKWQ5isRF8apcAAMAj [info] Sent 501 in 84µs on GET /api/v2/proxy/account-abstraction/status?
2025-09-07T15:41:02.231 application=api_v2 request_id=GGMKWjjVllov1cQAAMKk [info] Sent 200 in 8ms on GET /api/v2/main-page/indexing-status?
2025-09-07T15:41:02.235 application=api_v2 request_id=GGMKWjmnhdhFzGAAAJul [info] Sent 501 in 102µs on GET /api/v2/proxy/account-abstraction/status?
2025-09-07T15:41:07.241 application=api_v2 request_id=GGMKW2PqYKCpnvIAANTC [info] Sent 200 in 2ms on GET /api/v2/main-page/indexing-status?
2025-09-07T15:41:07.242 application=api_v2 request_id=GGMKW2QcuChdr-8AAJ1l [info] Sent 501 in 20µs on GET /api/v2/proxy/account-abstraction/status?
2025-09-07T15:41:12.255 application=api_v2 request_id=GGMKXI5toMInNd4AAJ7F [info] Sent 200 in 7ms on GET /api/v2/main-page/indexing-status?
2025-09-07T15:41:12.259 application=api_v2 request_id=GGMKXI8jQYGvvVQAAJ7l [info] Sent 501 in 91µs on GET /api/v2/proxy/account-abstraction/status?
2025-09-07T15:41:17.276 application=api_v2 request_id=GGMKXbmSzbE93SsAAJ_l [info] Sent 200 in 8ms on GET /api/v2/main-page/indexing-status?
2025-09-07T15:41:17.280 application=api_v2 request_id=GGMKXbpgGA7hBWwAAKAF [info] Sent 501 in 79µs on GET /api/v2/proxy/account-abstraction/status?
2025-09-07T15:41:22.298 application=api_v2 request_id=GGMKXuTo0CWrQRMAAKEF [info] Sent 200 in 9ms on GET /api/v2/main-page/indexing-status?
2025-09-07T15:41:22.302 application=api_v2 request_id=GGMKXuW58zXRIEYAAKEl [info] Sent 501 in 83µs on GET /api/v2/proxy/account-abstraction/status?
2025-09-07T15:41:22.534 application=api_v2 request_id=GGMKXvJjZw8pLyUAAKFF [info] Sent 200 in 19ms on GET /api/v2/stats?
2025-09-07T15:41:27.318 application=api_v2 request_id=GGMKYBAzCPfl3HEAAKOl [info] Sent 200 in 8ms on GET /api/v2/main-page/indexing-status?
2025-09-07T15:41:27.322 application=api_v2 request_id=GGMKYBD0sh393MoAAKPF [info] Sent 501 in 76µs on GET /api/v2/proxy/account-abstraction/status?
2025-09-07T15:41:32.338 application=api_v2 request_id=GGMKYTtjEIwvSOQAAKTF [info] Sent 200 in 8ms on GET /api/v2/main-page/indexing-status?
2025-09-07T15:41:32.342 application=api_v2 request_id=GGMKYTwucNa6L8YAAKTl [info] Sent 501 in 82µs on GET /api/v2/proxy/account-abstraction/status?
2025-09-07T15:41:37.361 application=api_v2 request_id=GGMKYma_viPWUtwAAKYF [info] Sent 200 in 8ms on GET /api/v2/main-page/indexing-status?
2025-09-07T15:41:37.365 application=api_v2 request_id=GGMKYmeH1pZkUw0AAMkk [info] Sent 501 in 103µs on GET /api/v2/proxy/account-abstraction/status?
2025-09-07T15:41:42.381 application=api_v2 request_id=GGMKY5H2JOduV3AAAKeF [info] Sent 200 in 9ms on GET /api/v2/main-page/indexing-status?
2025-09-07T15:41:42.385 application=api_v2 request_id=GGMKY5LF3lB765UAAKel [info] Sent 501 in 84µs on GET /api/v2/proxy/account-abstraction/status?
2025-09-07T15:41:47.401 application=api_v2 request_id=GGMKZL0wrcXSQ0UAAKkF [info] Sent 200 in 8ms on GET /api/v2/main-page/indexing-status?
2025-09-07T15:41:47.405 application=api_v2 request_id=GGMKZL3zPgrMiOYAAMoj [info] Sent 501 in 83µs on GET /api/v2/proxy/account-abstraction/status?
2025-09-07T15:41:52.424 application=api_v2 request_id=GGMKZeiL7Kot_esAARWh [info] Sent 200 in 9ms on GET /api/v2/main-page/indexing-status?
2025-09-07T15:41:52.428 application=api_v2 request_id=GGMKZelZXe3AM-YAAMtj [info] Sent 501 in 90µs on GET /api/v2/proxy/account-abstraction/status?
2025-09-07T15:41:53.518 application=api_v2 request_id=GGMKZioEbSQVTWIAAKrl [info] Sent 200 in 5ms on GET /api/v2/stats?
2025-09-07T15:41:57.446 application=api_v2 request_id=GGMKZxPJJ_dC1QsAAM0D [info] Sent 200 in 11ms on GET /api/v2/main-page/indexing-status?
2025-09-07T15:41:57.450 application=api_v2 request_id=GGMKZxSzg5K7DNAAARgh [info] Sent 501 in 86µs on GET /api/v2/proxy/account-abstraction/status?
2025-09-07T15:42:02.466 application=api_v2 request_id=GGMKaD8dud_0txQAAK1l [info] Sent 200 in 8ms on GET /api/v2/main-page/indexing-status?
2025-09-07T15:42:02.470 application=api_v2 request_id=GGMKaD_nxS7draEAAGbG [info] Sent 501 in 84µs on GET /api/v2/proxy/account-abstraction/status?
2025-09-07T15:42:07.476 application=api_v2 request_id=GGMKaWoszZSC9-MAAGfG [info] Sent 200 in 2ms on GET /api/v2/main-page/indexing-status?
2025-09-07T15:42:07.477 application=api_v2 request_id=GGMKaWplrSY4b8oAAK7F [info] Sent 501 in 22µs on GET /api/v2/proxy/account-abstraction/status?
2025-09-07T15:42:12.493 application=api_v2 request_id=GGMKapTBmJoTC-4AANIk [info] Sent 200 in 9ms on GET /api/v2/main-page/indexing-status?
2025-09-07T15:42:12.497 application=api_v2 request_id=GGMKapWP9BPq1d4AALAl [info] Sent 501 in 79µs on GET /api/v2/proxy/account-abstraction/status?
2025-09-07T15:42:17.510 application=api_v2 request_id=GGMKa7_qSzlMIyYAALEl [info] Sent 200 in 7ms on GET /api/v2/main-page/indexing-status?
2025-09-07T15:42:17.514 application=api_v2 request_id=GGMKa8Ca8rGZ6y0AAM_j [info] Sent 501 in 70µs on GET /api/v2/proxy/account-abstraction/status?
2025-09-07T15:42:22.532 application=api_v2 request_id=GGMKbOsJ7pKgTw8AALJl [info] Sent 200 in 10ms on GET /api/v2/main-page/indexing-status?
2025-09-07T15:42:22.536 application=api_v2 request_id=GGMKbOv4uPFfqFMAALKF [info] Sent 501 in 91µs on GET /api/v2/proxy/account-abstraction/status?
2025-09-07T15:42:24.534 application=api_v2 request_id=GGMKbWHrlWOaCkAAALMF [info] Sent 200 in 18ms on GET /api/v2/stats?
2025-09-07T15:42:27.556 application=api_v2 request_id=GGMKbhaeNZCcKToAALPF [info] Sent 200 in 8ms on GET /api/v2/main-page/indexing-status?
2025-09-07T15:42:27.559 application=api_v2 request_id=GGMKbhdeY1EpZNAAANXE [info] Sent 501 in 75µs on GET /api/v2/proxy/account-abstraction/status?
2025-09-07T15:42:32.575 application=api_v2 request_id=GGMKb0HF1hq6ulkAALRF [info] Sent 200 in 9ms on GET /api/v2/main-page/indexing-status?
2025-09-07T15:42:32.580 application=api_v2 request_id=GGMKb0KZvQLw5fIAASLB [info] Sent 501 in 108µs on GET /api/v2/proxy/account-abstraction/status?
2025-09-07T15:43:11.871 application=api_v2 request_id=GGMKeGem9Ave-nUAAAhH [info] Sent 200 in 15ms on GET /api/v2/main-page/indexing-status?
2025-09-07T15:43:11.876 application=api_v2 request_id=GGMKeGjYfK5ZE9UAAAiH [info] Sent 501 in 33µs on GET /api/v2/proxy/account-abstraction/status?
2025-09-07T15:43:16.902 application=api_v2 request_id=GGMKeZNn7zVNQ0IAAAPC [info] Sent 200 in 16ms on GET /api/v2/main-page/indexing-status?
2025-09-07T15:43:16.904 application=api_v2 request_id=GGMKeZSCU4Y-CfcAAAPi [info] Sent 501 in 35µs on GET /api/v2/proxy/account-abstraction/status?
2025-09-07T15:43:21.953 application=api_v2 request_id=GGMKer_lt95MnQQAAAXj [info] Sent 200 in 25ms on GET /api/v2/main-page/indexing-status?
2025-09-07T15:43:21.956 application=api_v2 request_id=GGMKesGmd2wmCC4AAAYD [info] Sent 501 in 63µs on GET /api/v2/proxy/account-abstraction/status?
2025-09-07T15:43:26.965 application=api_v2 request_id=GGMKe-vfdkjX_8EAAAej [info] Sent 200 in 5ms on GET /api/v2/main-page/indexing-status?
2025-09-07T15:43:26.966 application=api_v2 request_id=GGMKe-xJM3RdIrAAAAul [info] Sent 501 in 31µs on GET /api/v2/proxy/account-abstraction/status?
2025-09-07T15:43:31.999 application=api_v2 request_id=GGMKfRapB2SsBsMAAAkj [info] Sent 200 in 26ms on GET /api/v2/main-page/indexing-status?
2025-09-07T15:43:32.003 application=api_v2 request_id=GGMKfRh8jW2adjUAAAlD [info] Sent 501 in 69µs on GET /api/v2/proxy/account-abstraction/status?
2025-09-07T15:43:37.024 application=api_v2 request_id=GGMKfkLp9UfabfAAAAnj [info] Sent 200 in 14ms on GET /api/v2/main-page/indexing-status?
2025-09-07T15:43:37.029 application=api_v2 request_id=GGMKfkQKc3F6004AAAoD [info] Sent 501 in 112µs on GET /api/v2/proxy/account-abstraction/status?
2025-09-07T15:43:42.061 application=api_v2 request_id=GGMKf26KVZmPkUkAAAtD [info] Sent 200 in 23ms on GET /api/v2/main-page/indexing-status?
2025-09-07T15:43:42.064 application=api_v2 request_id=GGMKf3AqBKOpL10AAEDm [info] Sent 501 in 58µs on GET /api/v2/proxy/account-abstraction/status?
2025-09-07T15:43:43.831 application=api_v2 request_id=GGMKf9l8eaOcYFYAAAvj [info] Sent 200 in 105µs on GET /api/v2/config/backend-version?
2025-09-07T15:43:43.847 application=api_v2 request_id=GGMKf9mFNXodJ9IAAEHG [info] Sent 200 in 15ms on GET /api/v2/main-page/indexing-status?
2025-09-07T15:43:43.851 application=api_v2 request_id=GGMKf9lTna1j0dUAAEGm [info] Sent 200 in 22ms on GET /api/v2/stats?
2025-09-07T15:43:43.996 application=api_v2 request_id=GGMKf-KnLnnQj-gAAEHm [info] Sent 200 in 10ms on GET /api/v2/main-page/blocks?
2025-09-07T15:43:44.058 application=api_v2 request_id=GGMKf-ONHJ7KzRMAAEJG [info] Sent 200 in 58ms on GET /api/v2/main-page/transactions?
2025-09-07T15:43:47.085 application=api_v2 request_id=GGMKgJqibTfDRpcAAAuE [info] Sent 200 in 12ms on GET /api/v2/main-page/indexing-status?
2025-09-07T15:43:47.089 application=api_v2 request_id=GGMKgJuojBUJT-QAAA2j [info] Sent 501 in 114µs on GET /api/v2/proxy/account-abstraction/status?
2025-09-07T15:43:52.109 application=api_v2 request_id=GGMKgcYf1tuMyfIAAA5D [info] Sent 200 in 12ms on GET /api/v2/main-page/indexing-status?
2025-09-07T15:43:52.113 application=api_v2 request_id=GGMKgcclPH_2Hp0AAA5j [info] Sent 501 in 80µs on GET /api/v2/proxy/account-abstraction/status?
2025-09-07T15:43:57.140 application=api_v2 request_id=GGMKgvGikfwoIU8AAA9j [info] Sent 200 in 18ms on GET /api/v2/main-page/indexing-status?
2025-09-07T15:43:57.144 application=api_v2 request_id=GGMKgvMBgs49KQ0AABCh [info] Sent 501 in 96µs on GET /api/v2/proxy/account-abstraction/status?
2025-09-07T15:44:02.166 application=api_v2 request_id=GGMKhB2hzYK8AmcAABJF [info] Sent 200 in 11ms on GET /api/v2/main-page/indexing-status?
2025-09-07T15:44:02.171 application=api_v2 request_id=GGMKhB6em-8vpLYAAAzC [info] Sent 501 in 105µs on GET /api/v2/proxy/account-abstraction/status?
2025-09-07T15:44:07.183 application=api_v2 request_id=GGMKhUj6_D-n8VoAABBj [info] Sent 200 in 6ms on GET /api/v2/main-page/indexing-status?
2025-09-07T15:44:07.184 application=api_v2 request_id=GGMKhUl0TQwa5sgAABMh [info] Sent 501 in 30µs on GET /api/v2/proxy/account-abstraction/status?
2025-09-07T15:44:12.196 application=api_v2 request_id=GGMKhnPVID_3sFMAABHj [info] Sent 200 in 6ms on GET /api/v2/main-page/indexing-status?
2025-09-07T15:44:12.199 application=api_v2 request_id=GGMKhnRkarQVSDMAABID [info] Sent 501 in 55µs on GET /api/v2/proxy/account-abstraction/status?
2025-09-07T15:44:17.213 application=api_v2 request_id=GGMKh57FiGQ9VY0AABMj [info] Sent 200 in 7ms on GET /api/v2/main-page/indexing-status?
2025-09-07T15:44:17.217 application=api_v2 request_id=GGMKh59xfTnYg10AABND [info] Sent 501 in 80µs on GET /api/v2/proxy/account-abstraction/status?
2025-09-07T15:44:22.232 application=api_v2 request_id=GGMKiMnFh79uyqMAABQj [info] Sent 200 in 10ms on GET /api/v2/main-page/indexing-status?
2025-09-07T15:44:22.235 application=api_v2 request_id=GGMKiMqXkxHrRYsAABRD [info] Sent 501 in 82µs on GET /api/v2/proxy/account-abstraction/status?
2025-09-07T15:44:27.247 application=api_v2 request_id=GGMKifTnkpk2--YAABgh [info] Sent 200 in 6ms on GET /api/v2/main-page/indexing-status?
2025-09-07T15:44:27.249 application=api_v2 request_id=GGMKifVr--UgOD0AABhB [info] Sent 501 in 30µs on GET /api/v2/proxy/account-abstraction/status?
2025-09-07T15:44:32.265 application=api_v2 request_id=GGMKix_ROzSKdYoAABxl [info] Sent 200 in 9ms on GET /api/v2/main-page/indexing-status?
2025-09-07T15:44:32.268 application=api_v2 request_id=GGMKiyCU_fNwZMkAABmB [info] Sent 501 in 62µs on GET /api/v2/proxy/account-abstraction/status?
2025-09-07T15:44:37.287 application=api_v2 request_id=GGMKjErqy_h3YlMAABgD [info] Sent 200 in 13ms on GET /api/v2/main-page/indexing-status?
2025-09-07T15:44:37.290 application=api_v2 request_id=GGMKjEvpxeU30KwAABgj [info] Sent 501 in 59µs on GET /api/v2/proxy/account-abstraction/status?
2025-09-07T15:44:42.308 application=api_v2 request_id=GGMKjXZgo3RJoMAAABij [info] Sent 200 in 10ms on GET /api/v2/main-page/indexing-status?
2025-09-07T15:44:42.311 application=api_v2 request_id=GGMKjXcvNhsmrMoAABjD [info] Sent 501 in 71µs on GET /api/v2/proxy/account-abstraction/status?
2025-09-07T15:44:47.326 application=api_v2 request_id=GGMKjqGKTaOxJIkAABpD [info] Sent 200 in 8ms on GET /api/v2/main-page/indexing-status?
2025-09-07T15:44:47.330 application=api_v2 request_id=GGMKjqJUAGdPCvsAACDl [info] Sent 501 in 81µs on GET /api/v2/proxy/account-abstraction/status?
2025-09-07T15:44:48.809 application=api_v2 request_id=GGMKjvp-w86vX3YAACGl [info] Sent 200 in 97µs on GET /api/v2/config/backend-version?
2025-09-07T15:44:48.816 application=api_v2 request_id=GGMKjvpZqZjCEUQAACFl [info] Sent 200 in 9ms on GET /api/v2/stats?
2025-09-07T15:44:48.816 application=api_v2 request_id=GGMKjvp1HRpoNZoAACGF [info] Sent 200 in 7ms on GET /api/v2/main-page/indexing-status?
2025-09-07T15:44:48.968 application=api_v2 request_id=GGMKjwO244naQY0AACHF [info] Sent 200 in 3ms on GET /api/v2/main-page/blocks?
2025-09-07T15:44:49.016 application=api_v2 request_id=GGMKjwSMPI90J4wAACHl [info] Sent 200 in 38ms on GET /api/v2/main-page/transactions?
2025-09-07T15:44:52.345 application=api_v2 request_id=GGMKj8z65Q1Kw_AAABuD [info] Sent 200 in 5ms on GET /api/v2/main-page/indexing-status?
2025-09-07T15:44:52.347 application=api_v2 request_id=GGMKj81ooDKShhEAABHn [info] Sent 501 in 45µs on GET /api/v2/proxy/account-abstraction/status?
2025-09-07T15:44:57.353 application=api_v2 request_id=GGMKkPeihVwR09kAACOF [info] Sent 200 in 2ms on GET /api/v2/main-page/indexing-status?
2025-09-07T15:44:57.355 application=api_v2 request_id=GGMKkPfieEo-MfoAACOl [info] Sent 501 in 27µs on GET /api/v2/proxy/account-abstraction/status?
2025-09-07T15:44:57.542 application=api_v2 request_id=GGMKkQMG9UViomAAACPl [info] Sent 200 in 160µs on GET /api/v2/config/backend-version?
2025-09-07T15:44:57.548 application=api_v2 request_id=GGMKkQMDNpxiURcAABTE [info] Sent 200 in 6ms on GET /api/v2/main-page/indexing-status?
2025-09-07T15:44:57.550 application=api_v2 request_id=GGMKkQK0ZQpIBOUAACPF [info] Sent 200 in 13ms on GET /api/v2/stats?
2025-09-07T15:44:57.711 application=api_v2 request_id=GGMKkQznl1l-6Z8AACQF [info] Sent 200 in 3ms on GET /api/v2/main-page/blocks?
2025-09-07T15:44:57.735 application=api_v2 request_id=GGMKkQ2QAHdrXjoAACQl [info] Sent 200 in 16ms on GET /api/v2/main-page/transactions?
2025-09-07T15:45:02.368 application=api_v2 request_id=GGMKkiIyZRogC7QAACTF [info] Sent 200 in 7ms on GET /api/v2/main-page/indexing-status?
2025-09-07T15:45:02.372 application=api_v2 request_id=GGMKkiLjsMxUo38AABPn [info] Sent 501 in 71µs on GET /api/v2/proxy/account-abstraction/status?
2025-09-07T15:45:07.392 application=api_v2 request_id=GGMKk01JiHJd3V4AACXl [info] Sent 200 in 13ms on GET /api/v2/main-page/indexing-status?
2025-09-07T15:45:07.396 application=api_v2 request_id=GGMKk05VS88TSAoAACYF [info] Sent 501 in 89µs on GET /api/v2/proxy/account-abstraction/status?
2025-09-07T15:45:12.412 application=api_v2 request_id=GGMKlHi6beFpvnAAABWn [info] Sent 200 in 10ms on GET /api/v2/main-page/indexing-status?
2025-09-07T15:45:12.416 application=api_v2 request_id=GGMKlHmS0eCtWSAAACcl [info] Sent 501 in 61µs on GET /api/v2/proxy/account-abstraction/status?
2025-09-07T15:45:17.434 application=api_v2 request_id=GGMKlaP7m27cKOgAACgF [info] Sent 200 in 11ms on GET /api/v2/main-page/indexing-status?
2025-09-07T15:45:17.439 application=api_v2 request_id=GGMKlaT6uiRWcVkAACgl [info] Sent 501 in 92µs on GET /api/v2/proxy/account-abstraction/status?
2025-09-07T15:45:22.455 application=api_v2 request_id=GGMKls9gwiFdWZUAACmF [info] Sent 200 in 9ms on GET /api/v2/main-page/indexing-status?
2025-09-07T15:45:22.460 application=api_v2 request_id=GGMKltBGPv5ZXhgAACml [info] Sent 501 in 80µs on GET /api/v2/proxy/account-abstraction/status?
2025-09-07T15:45:27.481 application=api_v2 request_id=GGMKl_r2Ak8CXo8AACrF [info] Sent 200 in 9ms on GET /api/v2/main-page/indexing-status?
2025-09-07T15:45:27.486 application=api_v2 request_id=GGMKl_vQfcmlEyoAACrl [info] Sent 501 in 83µs on GET /api/v2/proxy/account-abstraction/status?
2025-09-07T15:45:32.508 application=api_v2 request_id=GGMKmSZ5GRI1ZG4AABxE [info] Sent 200 in 11ms on GET /api/v2/main-page/indexing-status?
2025-09-07T15:45:32.514 application=api_v2 request_id=GGMKmSeFuCl8m6YAACvF [info] Sent 501 in 110µs on GET /api/v2/proxy/account-abstraction/status?
2025-09-07T15:45:37.531 application=api_v2 request_id=GGMKmlH8sjRarKcAACDC [info] Sent 200 in 9ms on GET /api/v2/main-page/indexing-status?
2025-09-07T15:45:37.536 application=api_v2 request_id=GGMKmlLWqiynLUcAACDi [info] Sent 501 in 79µs on GET /api/v2/proxy/account-abstraction/status?
2025-09-07T15:45:42.553 application=api_v2 request_id=GGMKm31CTTnhP_cAAAuI [info] Sent 200 in 10ms on GET /api/v2/main-page/indexing-status?
2025-09-07T15:45:42.558 application=api_v2 request_id=GGMKm3402S_gZZIAACzl [info] Sent 501 in 94µs on GET /api/v2/proxy/account-abstraction/status?
2025-09-07T15:45:47.580 application=api_v2 request_id=GGMKnKjPEGJU0EcAAC5F [info] Sent 200 in 11ms on GET /api/v2/main-page/indexing-status?
2025-09-07T15:45:47.584 application=api_v2 request_id=GGMKnKm84Jf4CkgAAC5l [info] Sent 501 in 79µs on GET /api/v2/proxy/account-abstraction/status?
2025-09-07T15:45:52.604 application=api_v2 request_id=GGMKndQ9C4Czk-sAAC7l [info] Sent 200 in 11ms on GET /api/v2/main-page/indexing-status?
2025-09-07T15:45:52.608 application=api_v2 request_id=GGMKndUyx4qAve0AAC8F [info] Sent 501 in 84µs on GET /api/v2/proxy/account-abstraction/status?
2025-09-07T15:45:57.624 application=api_v2 request_id=GGMKnv-nMSx0wyEAAC9l [info] Sent 200 in 8ms on GET /api/v2/main-page/indexing-status?
2025-09-07T15:45:57.630 application=api_v2 request_id=GGMKnwCM31mC0SoAAC-F [info] Sent 501 in 96µs on GET /api/v2/proxy/account-abstraction/status?
2025-09-07T15:46:02.647 application=api_v2 request_id=GGMKoCr8Tj1yxxkAAC4h [info] Sent 200 in 9ms on GET /api/v2/main-page/indexing-status?
2025-09-07T15:46:02.653 application=api_v2 request_id=GGMKoCvnRKIBiyUAADEl [info] Sent 501 in 128µs on GET /api/v2/proxy/account-abstraction/status?
2025-09-07T15:46:07.674 application=api_v2 request_id=GGMKoVZnoIhcJ74AADMl [info] Sent 200 in 13ms on GET /api/v2/main-page/indexing-status?
2025-09-07T15:46:07.679 application=api_v2 request_id=GGMKoVeBg0sarMwAACki [info] Sent 501 in 89µs on GET /api/v2/proxy/account-abstraction/status?
2025-09-07T15:46:12.697 application=api_v2 request_id=GGMKooHqisI5Q04AACqC [info] Sent 200 in 11ms on GET /api/v2/main-page/indexing-status?
2025-09-07T15:46:12.701 application=api_v2 request_id=GGMKooLg-QVJbjEAADCh [info] Sent 501 in 79µs on GET /api/v2/proxy/account-abstraction/status?
2025-09-07T15:46:17.718 application=api_v2 request_id=GGMKo61SlV2VOgUAACuD [info] Sent 200 in 9ms on GET /api/v2/main-page/indexing-status?
2025-09-07T15:46:17.722 application=api_v2 request_id=GGMKo64k7DRqoAkAACuj [info] Sent 501 in 79µs on GET /api/v2/proxy/account-abstraction/status?
2025-09-07T15:46:22.745 application=api_v2 request_id=GGMKpNiXPORFMiAAADNh [info] Sent 200 in 15ms on GET /api/v2/main-page/indexing-status?
2025-09-07T15:46:22.749 application=api_v2 request_id=GGMKpNnHoLj_mAEAADOB [info] Sent 501 in 66µs on GET /api/v2/proxy/account-abstraction/status?
2025-09-07T15:46:27.765 application=api_v2 request_id=GGMKpgQ1_Vwwv9EAADVB [info] Sent 200 in 8ms on GET /api/v2/main-page/indexing-status?
2025-09-07T15:46:27.768 application=api_v2 request_id=GGMKpgTr033ikBYAADVh [info] Sent 501 in 70µs on GET /api/v2/proxy/account-abstraction/status?
2025-09-07T15:46:32.790 application=api_v2 request_id=GGMKpy9XUpIsRYEAADcB [info] Sent 200 in 14ms on GET /api/v2/main-page/indexing-status?
2025-09-07T15:46:32.794 application=api_v2 request_id=GGMKpzB6S9QCcacAACzi [info] Sent 501 in 88µs on GET /api/v2/proxy/account-abstraction/status?
2025-09-07T15:46:37.813 application=api_v2 request_id=GGMKqFsL6tYrOpcAADjB [info] Sent 200 in 10ms on GET /api/v2/main-page/indexing-status?
2025-09-07T15:46:37.816 application=api_v2 request_id=GGMKqFvb-BF77gsAACZE [info] Sent 501 in 61µs on GET /api/v2/proxy/account-abstraction/status?
2025-09-07T15:46:42.833 application=api_v2 request_id=GGMKqYZNriGw3_MAADth [info] Sent 200 in 9ms on GET /api/v2/main-page/indexing-status?
2025-09-07T15:46:42.838 application=api_v2 request_id=GGMKqYcjlwi1CIwAADuB [info] Sent 501 in 81µs on GET /api/v2/proxy/account-abstraction/status?
2025-09-07T15:46:47.858 application=api_v2 request_id=GGMKqrGzyUof_bEAAD3h [info] Sent 200 in 10ms on GET /api/v2/main-page/indexing-status?
2025-09-07T15:46:47.861 application=api_v2 request_id=GGMKqrKLut6NbsoAAD4B [info] Sent 501 in 80µs on GET /api/v2/proxy/account-abstraction/status?
2025-09-07T15:46:52.869 application=api_v2 request_id=GGMKq9zUWblreCoAAD_B [info] Sent 200 in 3ms on GET /api/v2/main-page/indexing-status?
2025-09-07T15:46:52.871 application=api_v2 request_id=GGMKq90jFFlt51MAAD_h [info] Sent 501 in 28µs on GET /api/v2/proxy/account-abstraction/status?
2025-09-07T15:46:57.887 application=api_v2 request_id=GGMKrQdzN9jEC6QAAEHB [info] Sent 200 in 11ms on GET /api/v2/main-page/indexing-status?
2025-09-07T15:46:57.891 application=api_v2 request_id=GGMKrQhhabaWMfkAACuE [info] Sent 501 in 71µs on GET /api/v2/proxy/account-abstraction/status?
2025-09-07T15:47:02.908 application=api_v2 request_id=GGMKrjLooCuWtOUAAELh [info] Sent 200 in 8ms on GET /api/v2/main-page/indexing-status?
2025-09-07T15:47:02.912 application=api_v2 request_id=GGMKrjOpxIHGW9YAACxk [info] Sent 501 in 73µs on GET /api/v2/proxy/account-abstraction/status?
2025-09-07T15:47:07.934 application=api_v2 request_id=GGMKr14rHvYijAQAAETh [info] Sent 200 in 12ms on GET /api/v2/main-page/indexing-status?
2025-09-07T15:47:07.939 application=api_v2 request_id=GGMKr19EdZXjzFQAAEUB [info] Sent 501 in 98µs on GET /api/v2/proxy/account-abstraction/status?
2025-09-07T15:47:12.957 application=api_v2 request_id=GGMKsInN0hBJA2AAAEah [info] Sent 200 in 9ms on GET /api/v2/main-page/indexing-status?
2025-09-07T15:47:12.961 application=api_v2 request_id=GGMKsIqk9hM_qLUAADeD [info] Sent 501 in 82µs on GET /api/v2/proxy/account-abstraction/status?
2025-09-07T15:47:17.977 application=api_v2 request_id=GGMKsbUE_cT27yoAAEjh [info] Sent 200 in 8ms on GET /api/v2/main-page/indexing-status?
2025-09-07T15:47:17.982 application=api_v2 request_id=GGMKsbXl24bhd4sAAEkB [info] Sent 501 in 105µs on GET /api/v2/proxy/account-abstraction/status?
2025-09-07T15:47:23.002 application=api_v2 request_id=GGMKsuB3TXIp-ToAAErB [info] Sent 200 in 10ms on GET /api/v2/main-page/indexing-status?
2025-09-07T15:47:23.006 application=api_v2 request_id=GGMKsuFhDKOJE2MAAErh [info] Sent 501 in 81µs on GET /api/v2/proxy/account-abstraction/status?
2025-09-07T15:47:28.019 application=api_v2 request_id=GGMKtAu5Ly1LobYAAEuh [info] Sent 200 in 6ms on GET /api/v2/main-page/indexing-status?
2025-09-07T15:47:28.022 application=api_v2 request_id=GGMKtAxcA5Ws2ecAAFwm [info] Sent 501 in 69µs on GET /api/v2/proxy/account-abstraction/status?
2025-09-07T15:47:33.042 application=api_v2 request_id=GGMKtTbQl9sj6REAAE1B [info] Sent 200 in 12ms on GET /api/v2/main-page/indexing-status?
2025-09-07T15:47:33.046 application=api_v2 request_id=GGMKtTfIJ1irYScAADii [info] Sent 501 in 59µs on GET /api/v2/proxy/account-abstraction/status?
2025-09-07T15:47:38.062 application=api_v2 request_id=GGMKtmI0bP47VXwAAE9h [info] Sent 200 in 9ms on GET /api/v2/main-page/indexing-status?
2025-09-07T15:47:38.066 application=api_v2 request_id=GGMKtmMKl31Kj5MAAE-B [info] Sent 501 in 71µs on GET /api/v2/proxy/account-abstraction/status?
2025-09-07T15:47:43.085 application=api_v2 request_id=GGMKt42IjxY9QvgAAFEB [info] Sent 200 in 9ms on GET /api/v2/main-page/indexing-status?
2025-09-07T15:47:43.089 application=api_v2 request_id=GGMKt45p1AiooxkAAFEh [info] Sent 501 in 89µs on GET /api/v2/proxy/account-abstraction/status?
2025-09-07T15:47:48.107 application=api_v2 request_id=GGMKuLjcUH-aywwAAEbl [info] Sent 200 in 9ms on GET /api/v2/main-page/indexing-status?
2025-09-07T15:47:48.111 application=api_v2 request_id=GGMKuLm5E3hg-FoAAFKh [info] Sent 501 in 83µs on GET /api/v2/proxy/account-abstraction/status?
2025-09-07T15:47:53.127 application=api_v2 request_id=GGMKueQgp55nfcsAAEgF [info] Sent 200 in 9ms on GET /api/v2/main-page/indexing-status?
2025-09-07T15:47:53.131 application=api_v2 request_id=GGMKueTwI_7hvfYAAFRB [info] Sent 501 in 80µs on GET /api/v2/proxy/account-abstraction/status?
2025-09-07T15:47:58.147 application=api_v2 request_id=GGMKuw9bN9A3IXcAAFUh [info] Sent 200 in 9ms on GET /api/v2/main-page/indexing-status?
2025-09-07T15:47:58.151 application=api_v2 request_id=GGMKuxAmdMkjDH8AAFVB [info] Sent 501 in 81µs on GET /api/v2/proxy/account-abstraction/status?
2025-09-07T15:48:03.168 application=api_v2 request_id=GGMKvDqVC160aAcAAFdh [info] Sent 200 in 10ms on GET /api/v2/main-page/indexing-status?
2025-09-07T15:48:03.173 application=api_v2 request_id=GGMKvDt5CZTLaA8AAFeB [info] Sent 501 in 92µs on GET /api/v2/proxy/account-abstraction/status?
2025-09-07T15:48:08.191 application=api_v2 request_id=GGMKvWX60Pu80_wAAFpB [info] Sent 200 in 9ms on GET /api/v2/main-page/indexing-status?
2025-09-07T15:48:08.195 application=api_v2 request_id=GGMKvWbTxvkYahMAAFph [info] Sent 501 in 86µs on GET /api/v2/proxy/account-abstraction/status?
2025-09-07T15:48:13.214 application=api_v2 request_id=GGMKvpEu_ZhY0nwAAExF [info] Sent 200 in 13ms on GET /api/v2/main-page/indexing-status?
2025-09-07T15:48:13.219 application=api_v2 request_id=GGMKvpJLwX9XHlgAAExl [info] Sent 501 in 160µs on GET /api/v2/proxy/account-abstraction/status?
2025-09-07T15:48:18.237 application=api_v2 request_id=GGMKv7zbrcW8rUoAAE2l [info] Sent 200 in 8ms on GET /api/v2/main-page/indexing-status?
2025-09-07T15:48:18.242 application=api_v2 request_id=GGMKv72uyTr5C7gAAE3F [info] Sent 501 in 76µs on GET /api/v2/proxy/account-abstraction/status?
2025-09-07T15:48:23.261 application=api_v2 request_id=GGMKwOgY5sskEncAAE8F [info] Sent 200 in 12ms on GET /api/v2/main-page/indexing-status?
2025-09-07T15:48:23.265 application=api_v2 request_id=GGMKwOkZxb6ggVkAAEci [info] Sent 501 in 77µs on GET /api/v2/proxy/account-abstraction/status?
2025-09-07T15:48:28.285 application=api_v2 request_id=GGMKwhOUyp4WmeAAAFAl [info] Sent 200 in 10ms on GET /api/v2/main-page/indexing-status?
2025-09-07T15:48:28.290 application=api_v2 request_id=GGMKwhSTWZwhSRAAAFBF [info] Sent 501 in 112µs on GET /api/v2/proxy/account-abstraction/status?
2025-09-07T15:48:33.306 application=api_v2 request_id=GGMKwz79YV2NhlAAAFEl [info] Sent 200 in 8ms on GET /api/v2/main-page/indexing-status?
2025-09-07T15:48:33.309 application=api_v2 request_id=GGMKwz_E8EdvEU0AAFFF [info] Sent 501 in 76µs on GET /api/v2/proxy/account-abstraction/status?
2025-09-07T15:48:38.319 application=api_v2 request_id=GGMKxGoTnW4I2PAAAFJl [info] Sent 200 in 4ms on GET /api/v2/main-page/indexing-status?
2025-09-07T15:48:38.322 application=api_v2 request_id=GGMKxGqQWblEKI8AAFKF [info] Sent 501 in 66µs on GET /api/v2/proxy/account-abstraction/status?
2025-09-07T15:48:43.338 application=api_v2 request_id=GGMKxZTvhdqTAuIAAFLl [info] Sent 200 in 9ms on GET /api/v2/main-page/indexing-status?
2025-09-07T15:48:43.342 application=api_v2 request_id=GGMKxZW9rowLLgEAAFMF [info] Sent 501 in 79µs on GET /api/v2/proxy/account-abstraction/status?
2025-09-07T15:48:48.359 application=api_v2 request_id=GGMKxsAsBvRavlsAAFNF [info] Sent 200 in 9ms on GET /api/v2/main-page/indexing-status?
2025-09-07T15:48:48.363 application=api_v2 request_id=GGMKxsEAsnlfSX8AAFNl [info] Sent 501 in 79µs on GET /api/v2/proxy/account-abstraction/status?
2025-09-07T15:48:53.381 application=api_v2 request_id=GGMKx-twND98GAYAAFPF [info] Sent 200 in 11ms on GET /api/v2/main-page/indexing-status?
2025-09-07T15:48:53.385 application=api_v2 request_id=GGMKx-xhQ_8Z2skAAFPl [info] Sent 501 in 94µs on GET /api/v2/proxy/account-abstraction/status?
2025-09-07T15:48:58.404 application=api_v2 request_id=GGMKyRbJuEWxf6cAAGnh [info] Sent 200 in 11ms on GET /api/v2/main-page/indexing-status?
2025-09-07T15:48:58.408 application=api_v2 request_id=GGMKyRe8YydLAW8AAFSl [info] Sent 501 in 98µs on GET /api/v2/proxy/account-abstraction/status?
2025-09-07T15:49:03.424 application=api_v2 request_id=GGMKykItqEPTdyoAAFVl [info] Sent 200 in 8ms on GET /api/v2/main-page/indexing-status?
2025-09-07T15:49:03.428 application=api_v2 request_id=GGMKykL7jJhqXt4AAFAj [info] Sent 501 in 72µs on GET /api/v2/proxy/account-abstraction/status?
2025-09-07T15:49:08.442 application=api_v2 request_id=GGMKy21cqVy_ye0AAFEj [info] Sent 200 in 8ms on GET /api/v2/main-page/indexing-status?
2025-09-07T15:49:08.447 application=api_v2 request_id=GGMKy24cCy327QcAAFFD [info] Sent 501 in 78µs on GET /api/v2/proxy/account-abstraction/status?
2025-09-07T15:49:13.464 application=api_v2 request_id=GGMKzJihcZrGB38AAFLi [info] Sent 200 in 8ms on GET /api/v2/main-page/indexing-status?
2025-09-07T15:49:13.467 application=api_v2 request_id=GGMKzJliA54lJLsAAFMC [info] Sent 501 in 81µs on GET /api/v2/proxy/account-abstraction/status?
2025-09-07T15:49:18.488 application=api_v2 request_id=GGMKzcQODVEFYRoAAFPj [info] Sent 200 in 9ms on GET /api/v2/main-page/indexing-status?
2025-09-07T15:49:18.492 application=api_v2 request_id=GGMKzcTePOT22QMAAFQD [info] Sent 501 in 75µs on GET /api/v2/proxy/account-abstraction/status?
2025-09-07T15:49:23.509 application=api_v2 request_id=GGMKzu9DhFZPjuEAAFXD [info] Sent 200 in 10ms on GET /api/v2/main-page/indexing-status?
2025-09-07T15:49:23.524 application=api_v2 request_id=GGMKzvDIa2tmCvkAAHHB [info] Sent 501 in 94µs on GET /api/v2/proxy/account-abstraction/status?
2025-09-07T15:49:28.541 application=api_v2 request_id=GGMK0Bs_i7ZuB68AAHPB [info] Sent 200 in 9ms on GET /api/v2/main-page/indexing-status?
2025-09-07T15:49:28.546 application=api_v2 request_id=GGMK0BwanmXzf3EAAFkl [info] Sent 501 in 94µs on GET /api/v2/proxy/account-abstraction/status?
2025-09-07T15:49:33.564 application=api_v2 request_id=GGMK0UaKKuhrgpoAAFpF [info] Sent 200 in 11ms on GET /api/v2/main-page/indexing-status?
2025-09-07T15:49:33.569 application=api_v2 request_id=GGMK0Ud-KiAqdbgAAFpl [info] Sent 501 in 98µs on GET /api/v2/proxy/account-abstraction/status?
2025-09-07T15:49:38.586 application=api_v2 request_id=GGMK0nH4nVSGeEAAAFsF [info] Sent 200 in 9ms on GET /api/v2/main-page/indexing-status?
2025-09-07T15:49:38.590 application=api_v2 request_id=GGMK0nLLp1_FfqkAAHdh [info] Sent 501 in 76µs on GET /api/v2/proxy/account-abstraction/status?
2025-09-07T15:49:43.606 application=api_v2 request_id=GGMK0503Y1I0NtMAAFul [info] Sent 200 in 9ms on GET /api/v2/main-page/indexing-status?
2025-09-07T15:49:43.611 application=api_v2 request_id=GGMK054OKO53CU8AAFmj [info] Sent 501 in 92µs on GET /api/v2/proxy/account-abstraction/status?
2025-09-07T15:49:48.629 application=api_v2 request_id=GGMK1MiCnFM9Hq4AAFwl [info] Sent 200 in 10ms on GET /api/v2/main-page/indexing-status?
2025-09-07T15:49:48.634 application=api_v2 request_id=GGMK1Mlsqc7hdCMAAFxF [info] Sent 501 in 92µs on GET /api/v2/proxy/account-abstraction/status?
2025-09-07T15:49:53.654 application=api_v2 request_id=GGMK1fRGavVVeY4AAF1F [info] Sent 200 in 6ms on GET /api/v2/main-page/indexing-status?
2025-09-07T15:49:53.657 application=api_v2 request_id=GGMK1fTYSRX7nYoAAF1l [info] Sent 501 in 28µs on GET /api/v2/proxy/account-abstraction/status?
2025-09-07T15:49:58.672 application=api_v2 request_id=GGMK1x8mrVDRNbMAAF6F [info] Sent 200 in 10ms on GET /api/v2/main-page/indexing-status?
2025-09-07T15:49:58.676 application=api_v2 request_id=GGMK1yACSTShiEYAAF6l [info] Sent 501 in 74µs on GET /api/v2/proxy/account-abstraction/status?
2025-09-07T15:50:03.698 application=api_v2 request_id=GGMK2EqTxD5kuugAAF8l [info] Sent 200 in 11ms on GET /api/v2/main-page/indexing-status?
2025-09-07T15:50:03.702 application=api_v2 request_id=GGMK2EuSZ-eJVNkAAF9F [info] Sent 501 in 104µs on GET /api/v2/proxy/account-abstraction/status?
2025-09-07T15:50:08.719 application=api_v2 request_id=GGMK2XYW33Wnvh8AAGAl [info] Sent 200 in 8ms on GET /api/v2/main-page/indexing-status?
2025-09-07T15:50:08.724 application=api_v2 request_id=GGMK2XbkasPtlpQAAGBF [info] Sent 501 in 93µs on GET /api/v2/proxy/account-abstraction/status?
2025-09-07T15:50:13.740 application=api_v2 request_id=GGMK2qFRz1tkJpcAAGEF [info] Sent 200 in 9ms on GET /api/v2/main-page/indexing-status?
2025-09-07T15:50:13.745 application=api_v2 request_id=GGMK2qI2-1PbvikAAGEl [info] Sent 501 in 85µs on GET /api/v2/proxy/account-abstraction/status?
2025-09-07T15:51:14.867 application=api_v2 request_id=GGMK6NzGxTSuYdsAAAPo [info] Sent 200 in 10ms on GET /api/v2/main-page/indexing-status?
2025-09-07T15:51:14.871 application=api_v2 request_id=GGMK6N2YWOXMvJsAAAFm [info] Sent 501 in 35µs on GET /api/v2/proxy/account-abstraction/status?
2025-09-07T15:51:19.887 application=api_v2 request_id=GGMK6ggF1HCRXD8AAtLB [info] Sent 200 in 9ms on GET /api/v2/main-page/indexing-status?
2025-09-07T15:51:19.888 application=api_v2 request_id=GGMK6gintQjTo6MAAYfi [info] Sent 501 in 31µs on GET /api/v2/proxy/account-abstraction/status?
2025-09-07T15:51:24.898 application=api_v2 request_id=GGMK6zLRO-0ge8sAB8EC [info] Sent 200 in 7ms on GET /api/v2/main-page/indexing-status?
2025-09-07T15:51:24.899 application=api_v2 request_id=GGMK6zNVMapNGnwAEgZB [info] Sent 501 in 30µs on GET /api/v2/proxy/account-abstraction/status?
2025-09-07T15:51:29.901 application=api_v2 request_id=GGMK7F17oJIm7cUABGVj [info] Sent 200 in 98µs on GET /api/v2/main-page/indexing-status?
2025-09-07T15:51:29.903 application=api_v2 request_id=GGMK7F2PuPDQLVMADoMi [info] Sent 501 in 22µs on GET /api/v2/proxy/account-abstraction/status?
2025-09-07T15:51:34.906 application=api_v2 request_id=GGMK7YfBWzEsFocAJoiB [info] Sent 200 in 106µs on GET /api/v2/main-page/indexing-status?
2025-09-07T15:51:34.907 application=api_v2 request_id=GGMK7YfTIAWC6qIAJonB [info] Sent 501 in 18µs on GET /api/v2/proxy/account-abstraction/status?
2025-09-07T15:51:39.910 application=api_v2 request_id=GGMK7rIEtMS9bZ0AG6MC [info] Sent 200 in 101µs on GET /api/v2/main-page/indexing-status?
2025-09-07T15:51:39.911 application=api_v2 request_id=GGMK7rIW7SeghyYAMPvh [info] Sent 501 in 20µs on GET /api/v2/proxy/account-abstraction/status?
2025-09-07T15:51:44.913 application=api_v2 request_id=GGMK79xFz3hgJRYAPbVh [info] Sent 200 in 81µs on GET /api/v2/main-page/indexing-status?
2025-09-07T15:51:44.915 application=api_v2 request_id=GGMK79xZXK3e6F8AIULi [info] Sent 501 in 17µs on GET /api/v2/proxy/account-abstraction/status?
2025-09-07T15:51:49.917 application=api_v2 request_id=GGMK8QaI55zrId8AK_kC [info] Sent 200 in 92µs on GET /api/v2/main-page/indexing-status?
2025-09-07T15:51:49.919 application=api_v2 request_id=GGMK8Qad5FQ02dUAK_mC [info] Sent 501 in 19µs on GET /api/v2/proxy/account-abstraction/status?
2025-09-07T15:51:54.921 application=api_v2 request_id=GGMK8jDL_U8_AdEAMUQi [info] Sent 200 in 92µs on GET /api/v2/main-page/indexing-status?
2025-09-07T15:51:54.922 application=api_v2 request_id=GGMK8jDdKkgNjWgAMURC [info] Sent 501 in 22µs on GET /api/v2/proxy/account-abstraction/status?
2025-09-07T15:51:59.925 application=api_v2 request_id=GGMK81sDoqH8HAUAOYqC [info] Sent 200 in 81µs on GET /api/v2/main-page/indexing-status?
2025-09-07T15:51:59.926 application=api_v2 request_id=GGMK81sU_Nl0V8AAUgtB [info] Sent 501 in 23µs on GET /api/v2/proxy/account-abstraction/status?
2025-09-07T15:52:04.928 application=api_v2 request_id=GGMK9IU5bAj38voAPkwC [info] Sent 200 in 81µs on GET /api/v2/main-page/indexing-status?
2025-09-07T15:52:04.930 application=api_v2 request_id=GGMK9IVN0BaMMisAPkxC [info] Sent 501 in 22µs on GET /api/v2/proxy/account-abstraction/status?
2025-09-07T15:52:09.933 application=api_v2 request_id=GGMK9a-MVk6a-XIAQyCC [info] Sent 200 in 164µs on GET /api/v2/main-page/indexing-status?
2025-09-07T15:52:09.935 application=api_v2 request_id=GGMK9a-0tCFpTT4AQyCi [info] Sent 501 in 43µs on GET /api/v2/proxy/account-abstraction/status?
2025-09-07T15:52:14.938 application=api_v2 request_id=GGMK9tng2RxCxLwAZcmB [info] Sent 200 in 83µs on GET /api/v2/main-page/indexing-status?
2025-09-07T15:52:14.939 application=api_v2 request_id=GGMK9tnwR6F6Y3oAZcmh [info] Sent 501 in 20µs on GET /api/v2/proxy/account-abstraction/status?
2025-09-07T15:52:19.942 application=api_v2 request_id=GGMK-AQbGEYqHwUATdxC [info] Sent 200 in 81µs on GET /api/v2/main-page/indexing-status?
2025-09-07T15:52:19.943 application=api_v2 request_id=GGMK-AQt82wtJIoATdzC [info] Sent 501 in 17µs on GET /api/v2/proxy/account-abstraction/status?
2025-09-07T15:52:24.945 application=api_v2 request_id=GGMK-S5W3O72oxAAVWci [info] Sent 200 in 105µs on GET /api/v2/main-page/indexing-status?
2025-09-07T15:52:24.946 application=api_v2 request_id=GGMK-S5oTUkVGv0AdhJh [info] Sent 501 in 18µs on GET /api/v2/proxy/account-abstraction/status?
2025-09-07T15:52:29.949 application=api_v2 request_id=GGMK-liRmrpvcosAhIWh [info] Sent 200 in 103µs on GET /api/v2/main-page/indexing-status?
2025-09-07T15:52:29.950 application=api_v2 request_id=GGMK-lilevEn1jAAhIcB [info] Sent 501 in 22µs on GET /api/v2/proxy/account-abstraction/status?
2025-09-07T15:52:34.953 application=api_v2 request_id=GGMK-4LYCV0KBBMAjrSh [info] Sent 200 in 79µs on GET /api/v2/main-page/indexing-status?
2025-09-07T15:52:34.954 application=api_v2 request_id=GGMK-4LnpFF97MUAjrTB [info] Sent 501 in 17µs on GET /api/v2/proxy/account-abstraction/status?
2025-09-07T15:52:39.957 application=api_v2 request_id=GGMK_K0WdWFWMUUAbk5i [info] Sent 200 in 91µs on GET /api/v2/main-page/indexing-status?
2025-09-07T15:52:39.958 application=api_v2 request_id=GGMK_K0uwpJU884Abk6C [info] Sent 501 in 21µs on GET /api/v2/proxy/account-abstraction/status?
2025-09-07T15:52:44.961 application=api_v2 request_id=GGMK_ddaUk3PknUAqb-B [info] Sent 200 in 93µs on GET /api/v2/main-page/indexing-status?
2025-09-07T15:52:44.962 application=api_v2 request_id=GGMK_ddtBOwPUX0AdV5i [info] Sent 501 in 19µs on GET /api/v2/proxy/account-abstraction/status?
