2025-09-08T12:00:13.193 application=ethereum_jsonrpc [info] WS fallback endpoint is not set
2025-09-08T12:00:13.214 application=ethereum_jsonrpc fetcher=websocket_client [warning] WS endpoint ws://host.docker.internal:8545/ is unavailable, and no fallback is set, shutting down WS client
2025-09-08T12:00:16.133 application=ethereum_jsonrpc [warning] URL "http://host.docker.internal:8545/" is unavailable, and there is no other http url available, switching to fallback http url
2025-09-08T12:00:17.051 application=ethereum_jsonrpc [info] URL "http://host.docker.internal:8545/" of http type is available now, switching back from fallback urls
2025-09-08T12:00:19.142 application=ethereum_jsonrpc [warning] URL "http://host.docker.internal:8545/" is unavailable, and there is no other http url available, switching to fallback http url
2025-09-08T12:00:20.066 application=ethereum_jsonrpc [info] URL "http://host.docker.internal:8545/" of http type is available now, switching back from fallback urls
2025-09-08T12:00:22.161 application=ethereum_jsonrpc [warning] URL "http://host.docker.internal:8545/" is unavailable, and there is no other http url available, switching to fallback http url
2025-09-08T12:00:23.074 application=ethereum_jsonrpc [info] URL "http://host.docker.internal:8545/" of http type is available now, switching back from fallback urls
2025-09-08T12:00:25.180 application=ethereum_jsonrpc [warning] URL "http://host.docker.internal:8545/" is unavailable, and there is no other http url available, switching to fallback http url
2025-09-08T12:00:26.079 application=ethereum_jsonrpc [info] URL "http://host.docker.internal:8545/" of http type is available now, switching back from fallback urls
2025-09-08T12:00:28.202 application=ethereum_jsonrpc [warning] URL "http://host.docker.internal:8545/" is unavailable, and there is no other http url available, switching to fallback http url
2025-09-08T12:00:29.091 application=ethereum_jsonrpc [info] URL "http://host.docker.internal:8545/" of http type is available now, switching back from fallback urls
2025-09-08T12:00:31.237 application=ethereum_jsonrpc [warning] URL "http://host.docker.internal:8545/" is unavailable, and there is no other http url available, switching to fallback http url
2025-09-08T12:00:32.096 application=ethereum_jsonrpc [info] URL "http://host.docker.internal:8545/" of http type is available now, switching back from fallback urls
2025-09-08T12:00:34.261 application=ethereum_jsonrpc [warning] URL "http://host.docker.internal:8545/" is unavailable, and there is no other http url available, switching to fallback http url
2025-09-08T12:00:35.114 application=ethereum_jsonrpc [info] URL "http://host.docker.internal:8545/" of http type is available now, switching back from fallback urls
2025-09-08T12:00:37.285 application=ethereum_jsonrpc [warning] URL "http://host.docker.internal:8545/" is unavailable, and there is no other http url available, switching to fallback http url
2025-09-08T12:00:38.126 application=ethereum_jsonrpc [info] URL "http://host.docker.internal:8545/" of http type is available now, switching back from fallback urls
2025-09-08T12:00:40.312 application=ethereum_jsonrpc [warning] URL "http://host.docker.internal:8545/" is unavailable, and there is no other http url available, switching to fallback http url
2025-09-08T12:00:41.136 application=ethereum_jsonrpc [info] URL "http://host.docker.internal:8545/" of http type is available now, switching back from fallback urls
2025-09-08T12:00:43.346 application=ethereum_jsonrpc [warning] URL "http://host.docker.internal:8545/" is unavailable, and there is no other http url available, switching to fallback http url
2025-09-08T12:00:44.145 application=ethereum_jsonrpc [info] URL "http://host.docker.internal:8545/" of http type is available now, switching back from fallback urls
2025-09-08T12:00:46.370 application=ethereum_jsonrpc [warning] URL "http://host.docker.internal:8545/" is unavailable, and there is no other http url available, switching to fallback http url
2025-09-08T12:00:47.153 application=ethereum_jsonrpc [info] URL "http://host.docker.internal:8545/" of http type is available now, switching back from fallback urls
2025-09-08T12:00:49.398 application=ethereum_jsonrpc [warning] URL "http://host.docker.internal:8545/" is unavailable, and there is no other http url available, switching to fallback http url
2025-09-08T12:00:50.166 application=ethereum_jsonrpc [info] URL "http://host.docker.internal:8545/" of http type is available now, switching back from fallback urls
2025-09-08T12:00:52.422 application=ethereum_jsonrpc [warning] URL "http://host.docker.internal:8545/" is unavailable, and there is no other http url available, switching to fallback http url
2025-09-08T12:00:53.177 application=ethereum_jsonrpc [info] URL "http://host.docker.internal:8545/" of http type is available now, switching back from fallback urls
2025-09-08T12:00:55.449 application=ethereum_jsonrpc [warning] URL "http://host.docker.internal:8545/" is unavailable, and there is no other http url available, switching to fallback http url
2025-09-08T12:00:56.183 application=ethereum_jsonrpc [info] URL "http://host.docker.internal:8545/" of http type is available now, switching back from fallback urls
2025-09-08T12:00:58.477 application=ethereum_jsonrpc [warning] URL "http://host.docker.internal:8545/" is unavailable, and there is no other http url available, switching to fallback http url
2025-09-08T12:00:59.198 application=ethereum_jsonrpc [info] URL "http://host.docker.internal:8545/" of http type is available now, switching back from fallback urls
2025-09-08T12:01:01.504 application=ethereum_jsonrpc [warning] URL "http://host.docker.internal:8545/" is unavailable, and there is no other http url available, switching to fallback http url
2025-09-08T12:01:02.209 application=ethereum_jsonrpc [info] URL "http://host.docker.internal:8545/" of http type is available now, switching back from fallback urls
2025-09-08T12:01:04.525 application=ethereum_jsonrpc [warning] URL "http://host.docker.internal:8545/" is unavailable, and there is no other http url available, switching to fallback http url
2025-09-08T12:01:05.224 application=ethereum_jsonrpc [info] URL "http://host.docker.internal:8545/" of http type is available now, switching back from fallback urls
2025-09-08T12:01:07.554 application=ethereum_jsonrpc [warning] URL "http://host.docker.internal:8545/" is unavailable, and there is no other http url available, switching to fallback http url
2025-09-08T12:01:08.240 application=ethereum_jsonrpc [info] URL "http://host.docker.internal:8545/" of http type is available now, switching back from fallback urls
2025-09-08T12:01:10.584 application=ethereum_jsonrpc [warning] URL "http://host.docker.internal:8545/" is unavailable, and there is no other http url available, switching to fallback http url
2025-09-08T12:01:11.250 application=ethereum_jsonrpc [info] URL "http://host.docker.internal:8545/" of http type is available now, switching back from fallback urls
2025-09-08T12:01:13.200 application=ethereum_jsonrpc fetcher=websocket_client [warning] WS endpoint ws://host.docker.internal:8545/ is still unavailable
2025-09-08T12:01:13.605 application=ethereum_jsonrpc [warning] URL "http://host.docker.internal:8545/" is unavailable, and there is no other http url available, switching to fallback http url
2025-09-08T12:01:14.261 application=ethereum_jsonrpc [info] URL "http://host.docker.internal:8545/" of http type is available now, switching back from fallback urls
2025-09-08T12:01:16.629 application=ethereum_jsonrpc [warning] URL "http://host.docker.internal:8545/" is unavailable, and there is no other http url available, switching to fallback http url
2025-09-08T12:01:17.275 application=ethereum_jsonrpc [info] URL "http://host.docker.internal:8545/" of http type is available now, switching back from fallback urls
2025-09-08T12:01:19.657 application=ethereum_jsonrpc [warning] URL "http://host.docker.internal:8545/" is unavailable, and there is no other http url available, switching to fallback http url
2025-09-08T12:01:20.289 application=ethereum_jsonrpc [info] URL "http://host.docker.internal:8545/" of http type is available now, switching back from fallback urls
2025-09-08T12:01:22.684 application=ethereum_jsonrpc [warning] URL "http://host.docker.internal:8545/" is unavailable, and there is no other http url available, switching to fallback http url
2025-09-08T12:01:23.305 application=ethereum_jsonrpc [info] URL "http://host.docker.internal:8545/" of http type is available now, switching back from fallback urls
2025-09-08T12:01:25.710 application=ethereum_jsonrpc [warning] URL "http://host.docker.internal:8545/" is unavailable, and there is no other http url available, switching to fallback http url
2025-09-08T12:01:26.312 application=ethereum_jsonrpc [info] URL "http://host.docker.internal:8545/" of http type is available now, switching back from fallback urls
2025-09-08T12:01:28.740 application=ethereum_jsonrpc [warning] URL "http://host.docker.internal:8545/" is unavailable, and there is no other http url available, switching to fallback http url
2025-09-08T12:01:29.321 application=ethereum_jsonrpc [info] URL "http://host.docker.internal:8545/" of http type is available now, switching back from fallback urls
2025-09-08T12:01:31.757 application=ethereum_jsonrpc [warning] URL "http://host.docker.internal:8545/" is unavailable, and there is no other http url available, switching to fallback http url
2025-09-08T12:01:32.335 application=ethereum_jsonrpc [info] URL "http://host.docker.internal:8545/" of http type is available now, switching back from fallback urls
2025-09-08T12:01:34.779 application=ethereum_jsonrpc [warning] URL "http://host.docker.internal:8545/" is unavailable, and there is no other http url available, switching to fallback http url
2025-09-08T12:01:35.343 application=ethereum_jsonrpc [info] URL "http://host.docker.internal:8545/" of http type is available now, switching back from fallback urls
2025-09-08T12:01:37.807 application=ethereum_jsonrpc [warning] URL "http://host.docker.internal:8545/" is unavailable, and there is no other http url available, switching to fallback http url
2025-09-08T12:01:38.358 application=ethereum_jsonrpc [info] URL "http://host.docker.internal:8545/" of http type is available now, switching back from fallback urls
2025-09-08T12:01:40.837 application=ethereum_jsonrpc [warning] URL "http://host.docker.internal:8545/" is unavailable, and there is no other http url available, switching to fallback http url
2025-09-08T12:01:41.371 application=ethereum_jsonrpc [info] URL "http://host.docker.internal:8545/" of http type is available now, switching back from fallback urls
2025-09-08T12:01:43.864 application=ethereum_jsonrpc [warning] URL "http://host.docker.internal:8545/" is unavailable, and there is no other http url available, switching to fallback http url
2025-09-08T12:01:44.393 application=ethereum_jsonrpc [info] URL "http://host.docker.internal:8545/" of http type is available now, switching back from fallback urls
2025-09-08T12:01:46.895 application=ethereum_jsonrpc [warning] URL "http://host.docker.internal:8545/" is unavailable, and there is no other http url available, switching to fallback http url
2025-09-08T12:01:47.405 application=ethereum_jsonrpc [info] URL "http://host.docker.internal:8545/" of http type is available now, switching back from fallback urls
2025-09-08T12:01:49.923 application=ethereum_jsonrpc [warning] URL "http://host.docker.internal:8545/" is unavailable, and there is no other http url available, switching to fallback http url
2025-09-08T12:01:50.417 application=ethereum_jsonrpc [info] URL "http://host.docker.internal:8545/" of http type is available now, switching back from fallback urls
2025-09-08T12:01:52.946 application=ethereum_jsonrpc [warning] URL "http://host.docker.internal:8545/" is unavailable, and there is no other http url available, switching to fallback http url
2025-09-08T12:01:53.435 application=ethereum_jsonrpc [info] URL "http://host.docker.internal:8545/" of http type is available now, switching back from fallback urls
2025-09-08T12:01:55.970 application=ethereum_jsonrpc [warning] URL "http://host.docker.internal:8545/" is unavailable, and there is no other http url available, switching to fallback http url
2025-09-08T12:01:56.448 application=ethereum_jsonrpc [info] URL "http://host.docker.internal:8545/" of http type is available now, switching back from fallback urls
2025-09-08T12:01:58.997 application=ethereum_jsonrpc [warning] URL "http://host.docker.internal:8545/" is unavailable, and there is no other http url available, switching to fallback http url
2025-09-08T12:01:59.456 application=ethereum_jsonrpc [info] URL "http://host.docker.internal:8545/" of http type is available now, switching back from fallback urls
2025-09-08T12:02:01.011 application=ethereum_jsonrpc [warning] URL "http://host.docker.internal:8545/" is unavailable, and there is no other http url available, switching to fallback http url
2025-09-08T12:02:13.203 application=ethereum_jsonrpc fetcher=websocket_client [warning] WS endpoint ws://host.docker.internal:8545/ is still unavailable
2025-09-08T12:03:44.535 application=ethereum_jsonrpc [info] WS fallback endpoint is not set
2025-09-08T12:03:44.556 application=ethereum_jsonrpc fetcher=websocket_client [warning] WS endpoint ws://host.docker.internal:8545/ is unavailable, and no fallback is set, shutting down WS client
2025-09-08T12:03:47.491 application=ethereum_jsonrpc [warning] URL "http://host.docker.internal:8545/" is unavailable, and there is no other http url available, switching to fallback http url
2025-09-08T12:03:48.412 application=ethereum_jsonrpc [info] URL "http://host.docker.internal:8545/" of http type is available now, switching back from fallback urls
2025-09-08T12:03:50.507 application=ethereum_jsonrpc [warning] URL "http://host.docker.internal:8545/" is unavailable, and there is no other http url available, switching to fallback http url
2025-09-08T12:03:51.421 application=ethereum_jsonrpc [info] URL "http://host.docker.internal:8545/" of http type is available now, switching back from fallback urls
2025-09-08T12:03:53.528 application=ethereum_jsonrpc [warning] URL "http://host.docker.internal:8545/" is unavailable, and there is no other http url available, switching to fallback http url
2025-09-08T12:03:54.428 application=ethereum_jsonrpc [info] URL "http://host.docker.internal:8545/" of http type is available now, switching back from fallback urls
2025-09-08T12:03:56.544 application=ethereum_jsonrpc [warning] URL "http://host.docker.internal:8545/" is unavailable, and there is no other http url available, switching to fallback http url
2025-09-08T12:03:57.441 application=ethereum_jsonrpc [info] URL "http://host.docker.internal:8545/" of http type is available now, switching back from fallback urls
2025-09-08T12:03:59.561 application=ethereum_jsonrpc [warning] URL "http://host.docker.internal:8545/" is unavailable, and there is no other http url available, switching to fallback http url
2025-09-08T12:04:00.446 application=ethereum_jsonrpc [info] URL "http://host.docker.internal:8545/" of http type is available now, switching back from fallback urls
2025-09-08T12:04:02.571 application=ethereum_jsonrpc [warning] URL "http://host.docker.internal:8545/" is unavailable, and there is no other http url available, switching to fallback http url
2025-09-08T12:04:03.451 application=ethereum_jsonrpc [info] URL "http://host.docker.internal:8545/" of http type is available now, switching back from fallback urls
2025-09-08T12:04:05.582 application=ethereum_jsonrpc [warning] URL "http://host.docker.internal:8545/" is unavailable, and there is no other http url available, switching to fallback http url
2025-09-08T12:04:06.464 application=ethereum_jsonrpc [info] URL "http://host.docker.internal:8545/" of http type is available now, switching back from fallback urls
2025-09-08T12:04:08.596 application=ethereum_jsonrpc [warning] URL "http://host.docker.internal:8545/" is unavailable, and there is no other http url available, switching to fallback http url
2025-09-08T12:04:09.475 application=ethereum_jsonrpc [info] URL "http://host.docker.internal:8545/" of http type is available now, switching back from fallback urls
2025-09-08T12:04:11.629 application=ethereum_jsonrpc [warning] URL "http://host.docker.internal:8545/" is unavailable, and there is no other http url available, switching to fallback http url
2025-09-08T12:04:12.492 application=ethereum_jsonrpc [info] URL "http://host.docker.internal:8545/" of http type is available now, switching back from fallback urls
2025-09-08T12:04:14.689 application=ethereum_jsonrpc [warning] URL "http://host.docker.internal:8545/" is unavailable, and there is no other http url available, switching to fallback http url
2025-09-08T12:04:15.505 application=ethereum_jsonrpc [info] URL "http://host.docker.internal:8545/" of http type is available now, switching back from fallback urls
2025-09-08T12:04:17.726 application=ethereum_jsonrpc [warning] URL "http://host.docker.internal:8545/" is unavailable, and there is no other http url available, switching to fallback http url
2025-09-08T12:04:18.514 application=ethereum_jsonrpc [info] URL "http://host.docker.internal:8545/" of http type is available now, switching back from fallback urls
2025-09-08T12:04:20.743 application=ethereum_jsonrpc [warning] URL "http://host.docker.internal:8545/" is unavailable, and there is no other http url available, switching to fallback http url
2025-09-08T12:04:21.528 application=ethereum_jsonrpc [info] URL "http://host.docker.internal:8545/" of http type is available now, switching back from fallback urls
2025-09-08T12:04:23.792 application=ethereum_jsonrpc [warning] URL "http://host.docker.internal:8545/" is unavailable, and there is no other http url available, switching to fallback http url
2025-09-08T12:04:24.561 application=ethereum_jsonrpc [info] URL "http://host.docker.internal:8545/" of http type is available now, switching back from fallback urls
2025-09-08T12:04:26.868 application=ethereum_jsonrpc [warning] URL "http://host.docker.internal:8545/" is unavailable, and there is no other http url available, switching to fallback http url
2025-09-08T12:04:27.590 application=ethereum_jsonrpc [info] URL "http://host.docker.internal:8545/" of http type is available now, switching back from fallback urls
2025-09-08T12:04:29.931 application=ethereum_jsonrpc [warning] URL "http://host.docker.internal:8545/" is unavailable, and there is no other http url available, switching to fallback http url
2025-09-08T12:04:30.613 application=ethereum_jsonrpc [info] URL "http://host.docker.internal:8545/" of http type is available now, switching back from fallback urls
2025-09-08T12:04:32.983 application=ethereum_jsonrpc [warning] URL "http://host.docker.internal:8545/" is unavailable, and there is no other http url available, switching to fallback http url
2025-09-08T12:04:33.638 application=ethereum_jsonrpc [info] URL "http://host.docker.internal:8545/" of http type is available now, switching back from fallback urls
2025-09-08T12:04:36.082 application=ethereum_jsonrpc [warning] URL "http://host.docker.internal:8545/" is unavailable, and there is no other http url available, switching to fallback http url
2025-09-08T12:04:36.649 application=ethereum_jsonrpc [info] URL "http://host.docker.internal:8545/" of http type is available now, switching back from fallback urls
2025-09-08T12:04:39.099 application=ethereum_jsonrpc [warning] URL "http://host.docker.internal:8545/" is unavailable, and there is no other http url available, switching to fallback http url
2025-09-08T12:04:39.653 application=ethereum_jsonrpc [info] URL "http://host.docker.internal:8545/" of http type is available now, switching back from fallback urls
2025-09-08T12:04:42.131 application=ethereum_jsonrpc [warning] URL "http://host.docker.internal:8545/" is unavailable, and there is no other http url available, switching to fallback http url
2025-09-08T12:04:42.665 application=ethereum_jsonrpc [info] URL "http://host.docker.internal:8545/" of http type is available now, switching back from fallback urls
2025-09-08T12:04:44.539 application=ethereum_jsonrpc fetcher=websocket_client [warning] WS endpoint ws://host.docker.internal:8545/ is still unavailable
2025-09-08T12:04:45.161 application=ethereum_jsonrpc [warning] URL "http://host.docker.internal:8545/" is unavailable, and there is no other http url available, switching to fallback http url
2025-09-08T12:04:45.672 application=ethereum_jsonrpc [info] URL "http://host.docker.internal:8545/" of http type is available now, switching back from fallback urls
2025-09-08T12:04:48.193 application=ethereum_jsonrpc [warning] URL "http://host.docker.internal:8545/" is unavailable, and there is no other http url available, switching to fallback http url
2025-09-08T12:04:48.683 application=ethereum_jsonrpc [info] URL "http://host.docker.internal:8545/" of http type is available now, switching back from fallback urls
2025-09-08T12:04:51.220 application=ethereum_jsonrpc [warning] URL "http://host.docker.internal:8545/" is unavailable, and there is no other http url available, switching to fallback http url
2025-09-08T12:04:51.695 application=ethereum_jsonrpc [info] URL "http://host.docker.internal:8545/" of http type is available now, switching back from fallback urls
2025-09-08T12:04:54.243 application=ethereum_jsonrpc [warning] URL "http://host.docker.internal:8545/" is unavailable, and there is no other http url available, switching to fallback http url
2025-09-08T12:04:54.707 application=ethereum_jsonrpc [info] URL "http://host.docker.internal:8545/" of http type is available now, switching back from fallback urls
2025-09-08T12:04:57.274 application=ethereum_jsonrpc [warning] URL "http://host.docker.internal:8545/" is unavailable, and there is no other http url available, switching to fallback http url
2025-09-08T12:04:57.722 application=ethereum_jsonrpc [info] URL "http://host.docker.internal:8545/" of http type is available now, switching back from fallback urls
2025-09-08T12:05:00.302 application=ethereum_jsonrpc [warning] URL "http://host.docker.internal:8545/" is unavailable, and there is no other http url available, switching to fallback http url
2025-09-08T12:05:00.728 application=ethereum_jsonrpc [info] URL "http://host.docker.internal:8545/" of http type is available now, switching back from fallback urls
2025-09-08T12:05:03.327 application=ethereum_jsonrpc [warning] URL "http://host.docker.internal:8545/" is unavailable, and there is no other http url available, switching to fallback http url
2025-09-08T12:05:03.736 application=ethereum_jsonrpc [info] URL "http://host.docker.internal:8545/" of http type is available now, switching back from fallback urls
2025-09-08T12:05:06.352 application=ethereum_jsonrpc [warning] URL "http://host.docker.internal:8545/" is unavailable, and there is no other http url available, switching to fallback http url
2025-09-08T12:05:06.741 application=ethereum_jsonrpc [info] URL "http://host.docker.internal:8545/" of http type is available now, switching back from fallback urls
2025-09-08T12:05:09.381 application=ethereum_jsonrpc [warning] URL "http://host.docker.internal:8545/" is unavailable, and there is no other http url available, switching to fallback http url
2025-09-08T12:05:09.746 application=ethereum_jsonrpc [info] URL "http://host.docker.internal:8545/" of http type is available now, switching back from fallback urls
2025-09-08T12:05:12.414 application=ethereum_jsonrpc [warning] URL "http://host.docker.internal:8545/" is unavailable, and there is no other http url available, switching to fallback http url
2025-09-08T12:05:12.761 application=ethereum_jsonrpc [info] URL "http://host.docker.internal:8545/" of http type is available now, switching back from fallback urls
2025-09-08T12:05:15.449 application=ethereum_jsonrpc [warning] URL "http://host.docker.internal:8545/" is unavailable, and there is no other http url available, switching to fallback http url
2025-09-08T12:05:15.773 application=ethereum_jsonrpc [info] URL "http://host.docker.internal:8545/" of http type is available now, switching back from fallback urls
2025-09-08T12:05:18.486 application=ethereum_jsonrpc [warning] URL "http://host.docker.internal:8545/" is unavailable, and there is no other http url available, switching to fallback http url
2025-09-08T12:05:18.789 application=ethereum_jsonrpc [info] URL "http://host.docker.internal:8545/" of http type is available now, switching back from fallback urls
2025-09-08T12:05:21.522 application=ethereum_jsonrpc [warning] URL "http://host.docker.internal:8545/" is unavailable, and there is no other http url available, switching to fallback http url
2025-09-08T12:05:21.801 application=ethereum_jsonrpc [info] URL "http://host.docker.internal:8545/" of http type is available now, switching back from fallback urls
2025-09-08T12:05:24.549 application=ethereum_jsonrpc [warning] URL "http://host.docker.internal:8545/" is unavailable, and there is no other http url available, switching to fallback http url
2025-09-08T12:05:24.805 application=ethereum_jsonrpc [info] URL "http://host.docker.internal:8545/" of http type is available now, switching back from fallback urls
2025-09-08T12:05:27.573 application=ethereum_jsonrpc [warning] URL "http://host.docker.internal:8545/" is unavailable, and there is no other http url available, switching to fallback http url
2025-09-08T12:05:27.815 application=ethereum_jsonrpc [info] URL "http://host.docker.internal:8545/" of http type is available now, switching back from fallback urls
2025-09-08T12:05:30.598 application=ethereum_jsonrpc [warning] URL "http://host.docker.internal:8545/" is unavailable, and there is no other http url available, switching to fallback http url
2025-09-08T12:05:30.827 application=ethereum_jsonrpc [info] URL "http://host.docker.internal:8545/" of http type is available now, switching back from fallback urls
2025-09-08T12:05:33.629 application=ethereum_jsonrpc [warning] URL "http://host.docker.internal:8545/" is unavailable, and there is no other http url available, switching to fallback http url
2025-09-08T12:05:33.840 application=ethereum_jsonrpc [info] URL "http://host.docker.internal:8545/" of http type is available now, switching back from fallback urls
2025-09-08T12:05:36.657 application=ethereum_jsonrpc [warning] URL "http://host.docker.internal:8545/" is unavailable, and there is no other http url available, switching to fallback http url
2025-09-08T12:05:36.852 application=ethereum_jsonrpc [info] URL "http://host.docker.internal:8545/" of http type is available now, switching back from fallback urls
2025-09-08T12:05:39.676 application=ethereum_jsonrpc [warning] URL "http://host.docker.internal:8545/" is unavailable, and there is no other http url available, switching to fallback http url
2025-09-08T12:05:39.859 application=ethereum_jsonrpc [info] URL "http://host.docker.internal:8545/" of http type is available now, switching back from fallback urls
2025-09-08T12:05:42.706 application=ethereum_jsonrpc [warning] URL "http://host.docker.internal:8545/" is unavailable, and there is no other http url available, switching to fallback http url
2025-09-08T12:05:42.868 application=ethereum_jsonrpc [info] URL "http://host.docker.internal:8545/" of http type is available now, switching back from fallback urls
2025-09-08T12:05:44.541 application=ethereum_jsonrpc fetcher=websocket_client [warning] WS endpoint ws://host.docker.internal:8545/ is still unavailable
2025-09-08T12:05:45.732 application=ethereum_jsonrpc [warning] URL "http://host.docker.internal:8545/" is unavailable, and there is no other http url available, switching to fallback http url
2025-09-08T12:05:45.883 application=ethereum_jsonrpc [info] URL "http://host.docker.internal:8545/" of http type is available now, switching back from fallback urls
2025-09-08T12:05:48.761 application=ethereum_jsonrpc [warning] URL "http://host.docker.internal:8545/" is unavailable, and there is no other http url available, switching to fallback http url
2025-09-08T12:05:48.895 application=ethereum_jsonrpc [info] URL "http://host.docker.internal:8545/" of http type is available now, switching back from fallback urls
2025-09-08T12:05:51.788 application=ethereum_jsonrpc [warning] URL "http://host.docker.internal:8545/" is unavailable, and there is no other http url available, switching to fallback http url
2025-09-08T12:05:51.909 application=ethereum_jsonrpc [info] URL "http://host.docker.internal:8545/" of http type is available now, switching back from fallback urls
2025-09-08T12:05:54.818 application=ethereum_jsonrpc [warning] URL "http://host.docker.internal:8545/" is unavailable, and there is no other http url available, switching to fallback http url
2025-09-08T12:05:54.915 application=ethereum_jsonrpc [info] URL "http://host.docker.internal:8545/" of http type is available now, switching back from fallback urls
2025-09-08T12:05:57.849 application=ethereum_jsonrpc [warning] URL "http://host.docker.internal:8545/" is unavailable, and there is no other http url available, switching to fallback http url
2025-09-08T12:05:57.926 application=ethereum_jsonrpc [info] URL "http://host.docker.internal:8545/" of http type is available now, switching back from fallback urls
2025-09-08T12:06:00.875 application=ethereum_jsonrpc [warning] URL "http://host.docker.internal:8545/" is unavailable, and there is no other http url available, switching to fallback http url
2025-09-08T12:06:00.936 application=ethereum_jsonrpc [info] URL "http://host.docker.internal:8545/" of http type is available now, switching back from fallback urls
2025-09-08T12:06:03.902 application=ethereum_jsonrpc [warning] URL "http://host.docker.internal:8545/" is unavailable, and there is no other http url available, switching to fallback http url
2025-09-08T12:06:03.947 application=ethereum_jsonrpc [info] URL "http://host.docker.internal:8545/" of http type is available now, switching back from fallback urls
2025-09-08T12:06:06.924 application=ethereum_jsonrpc [warning] URL "http://host.docker.internal:8545/" is unavailable, and there is no other http url available, switching to fallback http url
2025-09-08T12:06:06.952 application=ethereum_jsonrpc [info] URL "http://host.docker.internal:8545/" of http type is available now, switching back from fallback urls
2025-09-08T12:06:09.944 application=ethereum_jsonrpc [warning] URL "http://host.docker.internal:8545/" is unavailable, and there is no other http url available, switching to fallback http url
2025-09-08T12:06:09.960 application=ethereum_jsonrpc [info] URL "http://host.docker.internal:8545/" of http type is available now, switching back from fallback urls
2025-09-08T12:06:12.976 application=ethereum_jsonrpc [warning] URL "http://host.docker.internal:8545/" is unavailable, and there is no other http url available, switching to fallback http url
2025-09-08T12:06:13.970 application=ethereum_jsonrpc [info] URL "http://host.docker.internal:8545/" of http type is available now, switching back from fallback urls
2025-09-08T12:06:16.003 application=ethereum_jsonrpc [warning] URL "http://host.docker.internal:8545/" is unavailable, and there is no other http url available, switching to fallback http url
2025-09-08T12:06:16.975 application=ethereum_jsonrpc [info] URL "http://host.docker.internal:8545/" of http type is available now, switching back from fallback urls
2025-09-08T12:06:19.022 application=ethereum_jsonrpc [warning] URL "http://host.docker.internal:8545/" is unavailable, and there is no other http url available, switching to fallback http url
