2025-09-07T15:19:07.754 application=explorer [info] tx/per day chart: collect records for transactions per day stats
2025-09-07T15:19:07.754 application=explorer [info] tx/per day chart: earliest date 2025-08-29 00:00:00Z
2025-09-07T15:19:07.754 application=explorer [info] tx/per day chart: latest date 2025-08-29 23:59:59Z
2025-09-07T15:19:07.882 application=explorer [info] tx/per day chart: timestamp cannot be converted to min/max blocks, trying to find min/max blocks through a fallback option}
2025-09-07T15:19:07.902 application=explorer [warning] tx/per day chart: failed to get min/max blocks through a fallback option}
2025-09-07T15:19:07.902 application=explorer [info] tx/per day chart: collect records for transactions per day stats
2025-09-07T15:19:07.902 application=explorer [info] tx/per day chart: earliest date 2025-08-30 00:00:00Z
2025-09-07T15:19:07.902 application=explorer [info] tx/per day chart: latest date 2025-08-30 23:59:59Z
2025-09-07T15:19:07.912 application=explorer [info] tx/per day chart: timestamp cannot be converted to min/max blocks, trying to find min/max blocks through a fallback option}
2025-09-07T15:19:07.922 application=explorer [warning] tx/per day chart: failed to get min/max blocks through a fallback option}
2025-09-07T15:19:07.922 application=explorer [info] tx/per day chart: collect records for transactions per day stats
2025-09-07T15:19:07.922 application=explorer [info] tx/per day chart: earliest date 2025-08-31 00:00:00Z
2025-09-07T15:19:07.922 application=explorer [info] tx/per day chart: latest date 2025-08-31 23:59:59Z
2025-09-07T15:19:07.925 application=explorer [info] SanitizeIncorrectNFTTokenTransfers `delete_erc_721` step is finished
2025-09-07T15:19:07.931 application=explorer [info] tx/per day chart: timestamp cannot be converted to min/max blocks, trying to find min/max blocks through a fallback option}
2025-09-07T15:19:07.934 application=explorer [info] SanitizeIncorrectWETHTokenTransfers deletion of duplicates finished, continuing with deletion of not whitelisted weth transfers
2025-09-07T15:19:07.939 application=explorer [warning] tx/per day chart: failed to get min/max blocks through a fallback option}
2025-09-07T15:19:07.939 application=explorer [info] tx/per day chart: collect records for transactions per day stats
2025-09-07T15:19:07.939 application=explorer [info] tx/per day chart: earliest date 2025-09-01 00:00:00Z
2025-09-07T15:19:07.939 application=explorer [info] tx/per day chart: latest date 2025-09-01 23:59:59Z
2025-09-07T15:19:07.940 application=explorer [info] tx/per day chart: timestamp cannot be converted to min/max blocks, trying to find min/max blocks through a fallback option}
2025-09-07T15:19:07.940 application=explorer [info] SanitizeIncorrectNFTTokenTransfers `delete_erc_1155` step is finished
2025-09-07T15:19:07.948 application=explorer [warning] tx/per day chart: failed to get min/max blocks through a fallback option}
2025-09-07T15:19:07.948 application=explorer [info] tx/per day chart: collect records for transactions per day stats
2025-09-07T15:19:07.948 application=explorer [info] tx/per day chart: earliest date 2025-09-02 00:00:00Z
2025-09-07T15:19:07.948 application=explorer [info] tx/per day chart: latest date 2025-09-02 23:59:59Z
2025-09-07T15:19:07.950 application=explorer [info] tx/per day chart: timestamp cannot be converted to min/max blocks, trying to find min/max blocks through a fallback option}
2025-09-07T15:19:07.954 application=explorer [info] SanitizeIncorrectNFTTokenTransfers migration finished
2025-09-07T15:19:07.958 application=explorer [warning] tx/per day chart: failed to get min/max blocks through a fallback option}
2025-09-07T15:19:07.958 application=explorer [info] tx/per day chart: collect records for transactions per day stats
2025-09-07T15:19:07.958 application=explorer [info] tx/per day chart: earliest date 2025-09-03 00:00:00Z
2025-09-07T15:19:07.958 application=explorer [info] tx/per day chart: latest date 2025-09-03 23:59:59Z
2025-09-07T15:19:07.965 application=explorer [info] tx/per day chart: timestamp cannot be converted to min/max blocks, trying to find min/max blocks through a fallback option}
2025-09-07T15:19:07.966 application=explorer [warning] tx/per day chart: failed to get min/max blocks through a fallback option}
2025-09-07T15:19:07.966 application=explorer [info] tx/per day chart: collect records for transactions per day stats
2025-09-07T15:19:07.966 application=explorer [info] tx/per day chart: earliest date 2025-09-04 00:00:00Z
2025-09-07T15:19:07.966 application=explorer [info] tx/per day chart: latest date 2025-09-04 23:59:59Z
2025-09-07T15:19:07.975 application=explorer [info] tx/per day chart: timestamp cannot be converted to min/max blocks, trying to find min/max blocks through a fallback option}
2025-09-07T15:19:07.976 application=explorer [warning] tx/per day chart: failed to get min/max blocks through a fallback option}
2025-09-07T15:19:07.976 application=explorer [info] tx/per day chart: collect records for transactions per day stats
2025-09-07T15:19:07.976 application=explorer [info] tx/per day chart: earliest date 2025-09-05 00:00:00Z
2025-09-07T15:19:07.976 application=explorer [info] tx/per day chart: latest date 2025-09-05 23:59:59Z
2025-09-07T15:19:07.978 application=explorer [info] tx/per day chart: timestamp cannot be converted to min/max blocks, trying to find min/max blocks through a fallback option}
2025-09-07T15:19:07.982 application=explorer [warning] tx/per day chart: failed to get min/max blocks through a fallback option}
2025-09-07T15:19:07.982 application=explorer [info] tx/per day chart: collect records for transactions per day stats
2025-09-07T15:19:07.982 application=explorer [info] tx/per day chart: earliest date 2025-09-06 00:00:00Z
2025-09-07T15:19:07.982 application=explorer [info] tx/per day chart: latest date 2025-09-06 23:59:59Z
2025-09-07T15:19:07.998 application=explorer [info] tx/per day chart: timestamp cannot be converted to min/max blocks, trying to find min/max blocks through a fallback option}
2025-09-07T15:19:08.001 application=explorer [warning] tx/per day chart: failed to get min/max blocks through a fallback option}
2025-09-07T15:19:08.001 application=explorer [info] tx/per day chart: collect records for transactions per day stats
2025-09-07T15:19:08.001 application=explorer [info] tx/per day chart: records collected [%{date: ~D[2025-09-06], gas_used: 0, number_of_transactions: 0, total_fee: 0}, %{date: ~D[2025-09-05], gas_used: 0, number_of_transactions: 0, total_fee: 0}, %{date: ~D[2025-09-04], gas_used: 0, number_of_transactions: 0, total_fee: 0}, %{date: ~D[2025-09-03], gas_used: 0, number_of_transactions: 0, total_fee: 0}, %{date: ~D[2025-09-02], gas_used: 0, number_of_transactions: 0, total_fee: 0}, %{date: ~D[2025-09-01], gas_used: 0, number_of_transactions: 0, total_fee: 0}, %{date: ~D[2025-08-31], gas_used: 0, number_of_transactions: 0, total_fee: 0}, %{date: ~D[2025-08-30], gas_used: 0, number_of_transactions: 0, total_fee: 0}, %{date: ~D[2025-08-29], gas_used: 0, number_of_transactions: 0, total_fee: 0}]
2025-09-07T15:19:08.001 application=explorer [info] tx/per day chart: save records
2025-09-07T15:19:08.005 application=explorer [info] tx/per day chart: number of inserted 10
2025-09-07T15:19:22.742 application=explorer [info] Fetching chain spec path: nil.
2025-09-07T15:19:22.742 application=explorer [info] Fetching precompiled config path: nil.
2025-09-07T15:19:22.742 application=explorer [warning] Genesis data is not fetched. Neither chain spec path or precompiles config path are set.
2025-09-07T15:24:09.935 application=explorer [info] tx/per day chart: collect records for transactions per day stats
2025-09-07T15:24:09.935 application=explorer [info] tx/per day chart: earliest date 2025-08-29 00:00:00Z
2025-09-07T15:24:09.935 application=explorer [info] tx/per day chart: latest date 2025-08-29 23:59:59Z
2025-09-07T15:24:10.021 application=explorer [info] tx/per day chart: min/max block numbers [1, 0]
2025-09-07T15:24:10.028 application=explorer [info] tx/per day chart: num of transactions 0
2025-09-07T15:24:10.031 application=explorer [info] tx/per day chart: total gas used 
2025-09-07T15:24:10.034 application=explorer [info] tx/per day chart: total fee 
2025-09-07T15:24:10.034 application=explorer [info] tx/per day chart: collect records for transactions per day stats
2025-09-07T15:24:10.034 application=explorer [info] tx/per day chart: earliest date 2025-08-30 00:00:00Z
2025-09-07T15:24:10.034 application=explorer [info] tx/per day chart: latest date 2025-08-30 23:59:59Z
2025-09-07T15:24:10.038 application=explorer [info] tx/per day chart: min/max block numbers [1, 0]
2025-09-07T15:24:10.040 application=explorer [info] tx/per day chart: num of transactions 0
2025-09-07T15:24:10.043 application=explorer [info] tx/per day chart: total gas used 
2025-09-07T15:24:10.045 application=explorer [info] tx/per day chart: total fee 
2025-09-07T15:24:10.045 application=explorer [info] tx/per day chart: collect records for transactions per day stats
2025-09-07T15:24:10.045 application=explorer [info] tx/per day chart: earliest date 2025-08-31 00:00:00Z
2025-09-07T15:24:10.045 application=explorer [info] tx/per day chart: latest date 2025-08-31 23:59:59Z
2025-09-07T15:24:10.051 application=explorer [info] tx/per day chart: min/max block numbers [1, 0]
2025-09-07T15:24:10.052 application=explorer [info] tx/per day chart: num of transactions 0
2025-09-07T15:24:10.064 application=explorer [info] tx/per day chart: total gas used 
2025-09-07T15:24:10.067 application=explorer [info] tx/per day chart: total fee 
2025-09-07T15:24:10.067 application=explorer [info] tx/per day chart: collect records for transactions per day stats
2025-09-07T15:24:10.067 application=explorer [info] tx/per day chart: earliest date 2025-09-01 00:00:00Z
2025-09-07T15:24:10.067 application=explorer [info] tx/per day chart: latest date 2025-09-01 23:59:59Z
2025-09-07T15:24:10.072 application=explorer [info] tx/per day chart: min/max block numbers [1, 0]
2025-09-07T15:24:10.074 application=explorer [info] tx/per day chart: num of transactions 0
2025-09-07T15:24:10.078 application=explorer [info] tx/per day chart: total gas used 
2025-09-07T15:24:10.083 application=explorer [info] tx/per day chart: total fee 
2025-09-07T15:24:10.083 application=explorer [info] tx/per day chart: collect records for transactions per day stats
2025-09-07T15:24:10.083 application=explorer [info] tx/per day chart: earliest date 2025-09-02 00:00:00Z
2025-09-07T15:24:10.083 application=explorer [info] tx/per day chart: latest date 2025-09-02 23:59:59Z
2025-09-07T15:24:10.088 application=explorer [info] tx/per day chart: min/max block numbers [1, 0]
2025-09-07T15:24:10.091 application=explorer [info] tx/per day chart: num of transactions 0
2025-09-07T15:24:10.093 application=explorer [info] tx/per day chart: total gas used 
2025-09-07T15:24:10.095 application=explorer [info] tx/per day chart: total fee 
2025-09-07T15:24:10.095 application=explorer [info] tx/per day chart: collect records for transactions per day stats
2025-09-07T15:24:10.095 application=explorer [info] tx/per day chart: earliest date 2025-09-03 00:00:00Z
2025-09-07T15:24:10.095 application=explorer [info] tx/per day chart: latest date 2025-09-03 23:59:59Z
2025-09-07T15:24:10.100 application=explorer [info] tx/per day chart: min/max block numbers [1, 0]
2025-09-07T15:24:10.102 application=explorer [info] tx/per day chart: num of transactions 0
2025-09-07T15:24:10.104 application=explorer [info] tx/per day chart: total gas used 
2025-09-07T15:24:10.107 application=explorer [info] tx/per day chart: total fee 
2025-09-07T15:24:10.107 application=explorer [info] tx/per day chart: collect records for transactions per day stats
2025-09-07T15:24:10.107 application=explorer [info] tx/per day chart: earliest date 2025-09-04 00:00:00Z
2025-09-07T15:24:10.107 application=explorer [info] tx/per day chart: latest date 2025-09-04 23:59:59Z
2025-09-07T15:24:10.112 application=explorer [info] tx/per day chart: min/max block numbers [1, 0]
2025-09-07T15:24:10.114 application=explorer [info] tx/per day chart: num of transactions 0
2025-09-07T15:24:10.116 application=explorer [info] tx/per day chart: total gas used 
2025-09-07T15:24:10.118 application=explorer [info] tx/per day chart: total fee 
2025-09-07T15:24:10.118 application=explorer [info] tx/per day chart: collect records for transactions per day stats
2025-09-07T15:24:10.118 application=explorer [info] tx/per day chart: earliest date 2025-09-05 00:00:00Z
2025-09-07T15:24:10.118 application=explorer [info] tx/per day chart: latest date 2025-09-05 23:59:59Z
2025-09-07T15:24:10.123 application=explorer [info] tx/per day chart: min/max block numbers [1, 0]
2025-09-07T15:24:10.125 application=explorer [info] tx/per day chart: num of transactions 0
2025-09-07T15:24:10.127 application=explorer [info] tx/per day chart: total gas used 
2025-09-07T15:24:10.129 application=explorer [info] tx/per day chart: total fee 
2025-09-07T15:24:10.129 application=explorer [info] tx/per day chart: collect records for transactions per day stats
2025-09-07T15:24:10.129 application=explorer [info] tx/per day chart: earliest date 2025-09-06 00:00:00Z
2025-09-07T15:24:10.129 application=explorer [info] tx/per day chart: latest date 2025-09-06 23:59:59Z
2025-09-07T15:24:10.134 application=explorer [info] tx/per day chart: min/max block numbers [1, 0]
2025-09-07T15:24:10.136 application=explorer [info] tx/per day chart: num of transactions 0
2025-09-07T15:24:10.137 application=explorer [info] tx/per day chart: total gas used 
2025-09-07T15:24:10.139 application=explorer [info] tx/per day chart: total fee 
2025-09-07T15:24:10.139 application=explorer [info] tx/per day chart: collect records for transactions per day stats
2025-09-07T15:24:10.139 application=explorer [info] tx/per day chart: records collected [%{date: ~D[2025-09-06], gas_used: nil, number_of_transactions: 0, total_fee: nil}, %{date: ~D[2025-09-05], gas_used: nil, number_of_transactions: 0, total_fee: nil}, %{date: ~D[2025-09-04], gas_used: nil, number_of_transactions: 0, total_fee: nil}, %{date: ~D[2025-09-03], gas_used: nil, number_of_transactions: 0, total_fee: nil}, %{date: ~D[2025-09-02], gas_used: nil, number_of_transactions: 0, total_fee: nil}, %{date: ~D[2025-09-01], gas_used: nil, number_of_transactions: 0, total_fee: nil}, %{date: ~D[2025-08-31], gas_used: nil, number_of_transactions: 0, total_fee: nil}, %{date: ~D[2025-08-30], gas_used: nil, number_of_transactions: 0, total_fee: nil}, %{date: ~D[2025-08-29], gas_used: nil, number_of_transactions: 0, total_fee: nil}]
2025-09-07T15:24:10.139 application=explorer [info] tx/per day chart: save records
2025-09-07T15:24:10.142 application=explorer [info] tx/per day chart: number of inserted 10
2025-09-07T15:24:24.926 application=explorer [info] Fetching chain spec path: nil.
2025-09-07T15:24:24.926 application=explorer [info] Fetching precompiled config path: nil.
2025-09-07T15:24:24.926 application=explorer [warning] Genesis data is not fetched. Neither chain spec path or precompiles config path are set.
2025-09-07T15:26:21.201 application=explorer [info] tx/per day chart: collect records for transactions per day stats
2025-09-07T15:26:21.201 application=explorer [info] tx/per day chart: earliest date 2025-08-29 00:00:00Z
2025-09-07T15:26:21.201 application=explorer [info] tx/per day chart: latest date 2025-08-29 23:59:59Z
2025-09-07T15:26:21.250 application=explorer [info] tx/per day chart: min/max block numbers [1, 0]
2025-09-07T15:26:21.259 application=explorer [info] tx/per day chart: num of transactions 0
2025-09-07T15:26:21.263 application=explorer [info] tx/per day chart: total gas used 
2025-09-07T15:26:21.268 application=explorer [info] tx/per day chart: total fee 
2025-09-07T15:26:21.268 application=explorer [info] tx/per day chart: collect records for transactions per day stats
2025-09-07T15:26:21.268 application=explorer [info] tx/per day chart: earliest date 2025-08-30 00:00:00Z
2025-09-07T15:26:21.268 application=explorer [info] tx/per day chart: latest date 2025-08-30 23:59:59Z
2025-09-07T15:26:21.271 application=explorer [info] tx/per day chart: min/max block numbers [1, 0]
2025-09-07T15:26:21.275 application=explorer [info] tx/per day chart: num of transactions 0
2025-09-07T15:26:21.277 application=explorer [info] tx/per day chart: total gas used 
2025-09-07T15:26:21.279 application=explorer [info] tx/per day chart: total fee 
2025-09-07T15:26:21.279 application=explorer [info] tx/per day chart: collect records for transactions per day stats
2025-09-07T15:26:21.279 application=explorer [info] tx/per day chart: earliest date 2025-08-31 00:00:00Z
2025-09-07T15:26:21.279 application=explorer [info] tx/per day chart: latest date 2025-08-31 23:59:59Z
2025-09-07T15:26:21.282 application=explorer [info] tx/per day chart: min/max block numbers [1, 0]
2025-09-07T15:26:21.284 application=explorer [info] tx/per day chart: num of transactions 0
2025-09-07T15:26:21.285 application=explorer [info] tx/per day chart: total gas used 
2025-09-07T15:26:21.287 application=explorer [info] tx/per day chart: total fee 
2025-09-07T15:26:21.287 application=explorer [info] tx/per day chart: collect records for transactions per day stats
2025-09-07T15:26:21.287 application=explorer [info] tx/per day chart: earliest date 2025-09-01 00:00:00Z
2025-09-07T15:26:21.287 application=explorer [info] tx/per day chart: latest date 2025-09-01 23:59:59Z
2025-09-07T15:26:21.290 application=explorer [info] tx/per day chart: min/max block numbers [1, 0]
2025-09-07T15:26:21.292 application=explorer [info] tx/per day chart: num of transactions 0
2025-09-07T15:26:21.294 application=explorer [info] tx/per day chart: total gas used 
2025-09-07T15:26:21.296 application=explorer [info] tx/per day chart: total fee 
2025-09-07T15:26:21.296 application=explorer [info] tx/per day chart: collect records for transactions per day stats
2025-09-07T15:26:21.296 application=explorer [info] tx/per day chart: earliest date 2025-09-02 00:00:00Z
2025-09-07T15:26:21.296 application=explorer [info] tx/per day chart: latest date 2025-09-02 23:59:59Z
2025-09-07T15:26:21.300 application=explorer [info] tx/per day chart: min/max block numbers [1, 0]
2025-09-07T15:26:21.302 application=explorer [info] tx/per day chart: num of transactions 0
2025-09-07T15:26:21.304 application=explorer [info] tx/per day chart: total gas used 
2025-09-07T15:26:21.306 application=explorer [info] tx/per day chart: total fee 
2025-09-07T15:26:21.306 application=explorer [info] tx/per day chart: collect records for transactions per day stats
2025-09-07T15:26:21.306 application=explorer [info] tx/per day chart: earliest date 2025-09-03 00:00:00Z
2025-09-07T15:26:21.306 application=explorer [info] tx/per day chart: latest date 2025-09-03 23:59:59Z
2025-09-07T15:26:21.311 application=explorer [info] tx/per day chart: min/max block numbers [1, 0]
2025-09-07T15:26:21.313 application=explorer [info] tx/per day chart: num of transactions 0
2025-09-07T15:26:21.315 application=explorer [info] tx/per day chart: total gas used 
2025-09-07T15:26:21.317 application=explorer [info] tx/per day chart: total fee 
2025-09-07T15:26:21.317 application=explorer [info] tx/per day chart: collect records for transactions per day stats
2025-09-07T15:26:21.317 application=explorer [info] tx/per day chart: earliest date 2025-09-04 00:00:00Z
2025-09-07T15:26:21.317 application=explorer [info] tx/per day chart: latest date 2025-09-04 23:59:59Z
2025-09-07T15:26:21.321 application=explorer [info] tx/per day chart: min/max block numbers [1, 0]
2025-09-07T15:26:21.323 application=explorer [info] tx/per day chart: num of transactions 0
2025-09-07T15:26:21.325 application=explorer [info] tx/per day chart: total gas used 
2025-09-07T15:26:21.326 application=explorer [info] tx/per day chart: total fee 
2025-09-07T15:26:21.326 application=explorer [info] tx/per day chart: collect records for transactions per day stats
2025-09-07T15:26:21.326 application=explorer [info] tx/per day chart: earliest date 2025-09-05 00:00:00Z
2025-09-07T15:26:21.326 application=explorer [info] tx/per day chart: latest date 2025-09-05 23:59:59Z
2025-09-07T15:26:21.330 application=explorer [info] tx/per day chart: min/max block numbers [1, 0]
2025-09-07T15:26:21.332 application=explorer [info] tx/per day chart: num of transactions 0
2025-09-07T15:26:21.334 application=explorer [info] tx/per day chart: total gas used 
2025-09-07T15:26:21.336 application=explorer [info] tx/per day chart: total fee 
2025-09-07T15:26:21.336 application=explorer [info] tx/per day chart: collect records for transactions per day stats
2025-09-07T15:26:21.336 application=explorer [info] tx/per day chart: earliest date 2025-09-06 00:00:00Z
2025-09-07T15:26:21.336 application=explorer [info] tx/per day chart: latest date 2025-09-06 23:59:59Z
2025-09-07T15:26:21.341 application=explorer [info] tx/per day chart: min/max block numbers [1, 0]
2025-09-07T15:26:21.343 application=explorer [info] tx/per day chart: num of transactions 0
2025-09-07T15:26:21.345 application=explorer [info] tx/per day chart: total gas used 
2025-09-07T15:26:21.347 application=explorer [info] tx/per day chart: total fee 
2025-09-07T15:26:21.347 application=explorer [info] tx/per day chart: collect records for transactions per day stats
2025-09-07T15:26:21.347 application=explorer [info] tx/per day chart: records collected [%{date: ~D[2025-09-06], gas_used: nil, number_of_transactions: 0, total_fee: nil}, %{date: ~D[2025-09-05], gas_used: nil, number_of_transactions: 0, total_fee: nil}, %{date: ~D[2025-09-04], gas_used: nil, number_of_transactions: 0, total_fee: nil}, %{date: ~D[2025-09-03], gas_used: nil, number_of_transactions: 0, total_fee: nil}, %{date: ~D[2025-09-02], gas_used: nil, number_of_transactions: 0, total_fee: nil}, %{date: ~D[2025-09-01], gas_used: nil, number_of_transactions: 0, total_fee: nil}, %{date: ~D[2025-08-31], gas_used: nil, number_of_transactions: 0, total_fee: nil}, %{date: ~D[2025-08-30], gas_used: nil, number_of_transactions: 0, total_fee: nil}, %{date: ~D[2025-08-29], gas_used: nil, number_of_transactions: 0, total_fee: nil}]
2025-09-07T15:26:21.347 application=explorer [info] tx/per day chart: save records
2025-09-07T15:26:21.349 application=explorer [info] tx/per day chart: number of inserted 10
2025-09-07T15:26:22.267 application=explorer [error] Failed to run create DB index query: %Postgrex.Error{message: nil, postgres: %{code: :deadlock_detected, line: "1130", message: "deadlock detected", file: "deadlock.c", unknown: "ERROR", severity: "ERROR", hint: "See server log for query details.", detail: "Process 47 waits for ShareUpdateExclusiveLock on relation 16494 of database 16384; blocked by process 40.\nProcess 40 waits for ShareLock on virtual transaction 49/6; blocked by process 47.", pg_code: "40P01", routine: "DeadLockReport"}, connection_id: 47, query: nil}
2025-09-07T15:26:36.198 application=explorer [info] Fetching chain spec path: nil.
2025-09-07T15:26:36.198 application=explorer [info] Fetching precompiled config path: nil.
2025-09-07T15:26:36.198 application=explorer [warning] Genesis data is not fetched. Neither chain spec path or precompiles config path are set.
2025-09-07T15:27:23.403 application=explorer [info] tx/per day chart: collect records for transactions per day stats
2025-09-07T15:27:23.404 application=explorer [info] tx/per day chart: earliest date 2025-08-29 00:00:00Z
2025-09-07T15:27:23.404 application=explorer [info] tx/per day chart: latest date 2025-08-29 23:59:59Z
2025-09-07T15:27:23.474 application=explorer [info] tx/per day chart: min/max block numbers [1, 0]
2025-09-07T15:27:23.481 application=explorer [info] tx/per day chart: num of transactions 0
2025-09-07T15:27:23.485 application=explorer [info] tx/per day chart: total gas used 
2025-09-07T15:27:23.487 application=explorer [info] tx/per day chart: total fee 
2025-09-07T15:27:23.487 application=explorer [info] tx/per day chart: collect records for transactions per day stats
2025-09-07T15:27:23.487 application=explorer [info] tx/per day chart: earliest date 2025-08-30 00:00:00Z
2025-09-07T15:27:23.487 application=explorer [info] tx/per day chart: latest date 2025-08-30 23:59:59Z
2025-09-07T15:27:23.491 application=explorer [info] tx/per day chart: min/max block numbers [1, 0]
2025-09-07T15:27:23.493 application=explorer [info] tx/per day chart: num of transactions 0
2025-09-07T15:27:23.494 application=explorer [info] tx/per day chart: total gas used 
2025-09-07T15:27:23.497 application=explorer [info] tx/per day chart: total fee 
2025-09-07T15:27:23.497 application=explorer [info] tx/per day chart: collect records for transactions per day stats
2025-09-07T15:27:23.497 application=explorer [info] tx/per day chart: earliest date 2025-08-31 00:00:00Z
2025-09-07T15:27:23.497 application=explorer [info] tx/per day chart: latest date 2025-08-31 23:59:59Z
2025-09-07T15:27:23.501 application=explorer [info] tx/per day chart: min/max block numbers [1, 0]
2025-09-07T15:27:23.504 application=explorer [info] tx/per day chart: num of transactions 0
2025-09-07T15:27:23.506 application=explorer [info] tx/per day chart: total gas used 
2025-09-07T15:27:23.508 application=explorer [info] tx/per day chart: total fee 
2025-09-07T15:27:23.508 application=explorer [info] tx/per day chart: collect records for transactions per day stats
2025-09-07T15:27:23.508 application=explorer [info] tx/per day chart: earliest date 2025-09-01 00:00:00Z
2025-09-07T15:27:23.508 application=explorer [info] tx/per day chart: latest date 2025-09-01 23:59:59Z
2025-09-07T15:27:23.511 application=explorer [info] tx/per day chart: min/max block numbers [1, 0]
2025-09-07T15:27:23.513 application=explorer [info] tx/per day chart: num of transactions 0
2025-09-07T15:27:23.515 application=explorer [info] tx/per day chart: total gas used 
2025-09-07T15:27:23.517 application=explorer [info] tx/per day chart: total fee 
2025-09-07T15:27:23.517 application=explorer [info] tx/per day chart: collect records for transactions per day stats
2025-09-07T15:27:23.517 application=explorer [info] tx/per day chart: earliest date 2025-09-02 00:00:00Z
2025-09-07T15:27:23.517 application=explorer [info] tx/per day chart: latest date 2025-09-02 23:59:59Z
2025-09-07T15:27:23.522 application=explorer [info] tx/per day chart: min/max block numbers [1, 0]
2025-09-07T15:27:23.524 application=explorer [info] tx/per day chart: num of transactions 0
2025-09-07T15:27:23.525 application=explorer [info] tx/per day chart: total gas used 
2025-09-07T15:27:23.527 application=explorer [info] tx/per day chart: total fee 
2025-09-07T15:27:23.527 application=explorer [info] tx/per day chart: collect records for transactions per day stats
2025-09-07T15:27:23.527 application=explorer [info] tx/per day chart: earliest date 2025-09-03 00:00:00Z
2025-09-07T15:27:23.527 application=explorer [info] tx/per day chart: latest date 2025-09-03 23:59:59Z
2025-09-07T15:27:23.530 application=explorer [info] tx/per day chart: min/max block numbers [1, 0]
2025-09-07T15:27:23.532 application=explorer [info] tx/per day chart: num of transactions 0
2025-09-07T15:27:23.534 application=explorer [info] tx/per day chart: total gas used 
2025-09-07T15:27:23.536 application=explorer [info] tx/per day chart: total fee 
2025-09-07T15:27:23.536 application=explorer [info] tx/per day chart: collect records for transactions per day stats
2025-09-07T15:27:23.536 application=explorer [info] tx/per day chart: earliest date 2025-09-04 00:00:00Z
2025-09-07T15:27:23.536 application=explorer [info] tx/per day chart: latest date 2025-09-04 23:59:59Z
2025-09-07T15:27:23.541 application=explorer [info] tx/per day chart: min/max block numbers [1, 0]
2025-09-07T15:27:23.543 application=explorer [info] tx/per day chart: num of transactions 0
2025-09-07T15:27:23.544 application=explorer [info] tx/per day chart: total gas used 
2025-09-07T15:27:23.546 application=explorer [info] tx/per day chart: total fee 
2025-09-07T15:27:23.546 application=explorer [info] tx/per day chart: collect records for transactions per day stats
2025-09-07T15:27:23.546 application=explorer [info] tx/per day chart: earliest date 2025-09-05 00:00:00Z
2025-09-07T15:27:23.546 application=explorer [info] tx/per day chart: latest date 2025-09-05 23:59:59Z
2025-09-07T15:27:23.550 application=explorer [info] tx/per day chart: min/max block numbers [1, 0]
2025-09-07T15:27:23.551 application=explorer [info] tx/per day chart: num of transactions 0
2025-09-07T15:27:23.553 application=explorer [info] tx/per day chart: total gas used 
2025-09-07T15:27:23.556 application=explorer [info] tx/per day chart: total fee 
2025-09-07T15:27:23.556 application=explorer [info] tx/per day chart: collect records for transactions per day stats
2025-09-07T15:27:23.556 application=explorer [info] tx/per day chart: earliest date 2025-09-06 00:00:00Z
2025-09-07T15:27:23.556 application=explorer [info] tx/per day chart: latest date 2025-09-06 23:59:59Z
2025-09-07T15:27:23.561 application=explorer [info] tx/per day chart: min/max block numbers [1, 0]
2025-09-07T15:27:23.563 application=explorer [info] tx/per day chart: num of transactions 0
2025-09-07T15:27:23.565 application=explorer [info] tx/per day chart: total gas used 
2025-09-07T15:27:23.568 application=explorer [info] tx/per day chart: total fee 
2025-09-07T15:27:23.568 application=explorer [info] tx/per day chart: collect records for transactions per day stats
2025-09-07T15:27:23.568 application=explorer [info] tx/per day chart: records collected [%{date: ~D[2025-09-06], gas_used: nil, number_of_transactions: 0, total_fee: nil}, %{date: ~D[2025-09-05], gas_used: nil, number_of_transactions: 0, total_fee: nil}, %{date: ~D[2025-09-04], gas_used: nil, number_of_transactions: 0, total_fee: nil}, %{date: ~D[2025-09-03], gas_used: nil, number_of_transactions: 0, total_fee: nil}, %{date: ~D[2025-09-02], gas_used: nil, number_of_transactions: 0, total_fee: nil}, %{date: ~D[2025-09-01], gas_used: nil, number_of_transactions: 0, total_fee: nil}, %{date: ~D[2025-08-31], gas_used: nil, number_of_transactions: 0, total_fee: nil}, %{date: ~D[2025-08-30], gas_used: nil, number_of_transactions: 0, total_fee: nil}, %{date: ~D[2025-08-29], gas_used: nil, number_of_transactions: 0, total_fee: nil}]
2025-09-07T15:27:23.568 application=explorer [info] tx/per day chart: save records
2025-09-07T15:27:23.570 application=explorer [info] tx/per day chart: number of inserted 10
2025-09-07T15:27:38.402 application=explorer [info] Fetching chain spec path: nil.
2025-09-07T15:27:38.402 application=explorer [info] Fetching precompiled config path: nil.
2025-09-07T15:27:38.402 application=explorer [warning] Genesis data is not fetched. Neither chain spec path or precompiles config path are set.
2025-09-07T15:43:10.680 application=explorer [info] tx/per day chart: collect records for transactions per day stats
2025-09-07T15:43:10.680 application=explorer [info] tx/per day chart: earliest date 2025-08-29 00:00:00Z
2025-09-07T15:43:10.680 application=explorer [info] tx/per day chart: latest date 2025-08-29 23:59:59Z
2025-09-07T15:43:10.748 application=explorer [info] tx/per day chart: min/max block numbers [1, 0]
2025-09-07T15:43:10.754 application=explorer [info] tx/per day chart: num of transactions 0
2025-09-07T15:43:10.757 application=explorer [info] tx/per day chart: total gas used 
2025-09-07T15:43:10.760 application=explorer [info] tx/per day chart: total fee 
2025-09-07T15:43:10.760 application=explorer [info] tx/per day chart: collect records for transactions per day stats
2025-09-07T15:43:10.760 application=explorer [info] tx/per day chart: earliest date 2025-08-30 00:00:00Z
2025-09-07T15:43:10.760 application=explorer [info] tx/per day chart: latest date 2025-08-30 23:59:59Z
2025-09-07T15:43:10.764 application=explorer [info] tx/per day chart: min/max block numbers [1, 0]
2025-09-07T15:43:10.766 application=explorer [info] tx/per day chart: num of transactions 0
2025-09-07T15:43:10.767 application=explorer [info] tx/per day chart: total gas used 
2025-09-07T15:43:10.769 application=explorer [info] tx/per day chart: total fee 
2025-09-07T15:43:10.769 application=explorer [info] tx/per day chart: collect records for transactions per day stats
2025-09-07T15:43:10.769 application=explorer [info] tx/per day chart: earliest date 2025-08-31 00:00:00Z
2025-09-07T15:43:10.769 application=explorer [info] tx/per day chart: latest date 2025-08-31 23:59:59Z
2025-09-07T15:43:10.773 application=explorer [info] tx/per day chart: min/max block numbers [1, 0]
2025-09-07T15:43:10.775 application=explorer [info] tx/per day chart: num of transactions 0
2025-09-07T15:43:10.777 application=explorer [info] tx/per day chart: total gas used 
2025-09-07T15:43:10.780 application=explorer [info] tx/per day chart: total fee 
2025-09-07T15:43:10.780 application=explorer [info] tx/per day chart: collect records for transactions per day stats
2025-09-07T15:43:10.780 application=explorer [info] tx/per day chart: earliest date 2025-09-01 00:00:00Z
2025-09-07T15:43:10.780 application=explorer [info] tx/per day chart: latest date 2025-09-01 23:59:59Z
2025-09-07T15:43:10.784 application=explorer [info] tx/per day chart: min/max block numbers [1, 0]
2025-09-07T15:43:10.786 application=explorer [info] tx/per day chart: num of transactions 0
2025-09-07T15:43:10.788 application=explorer [info] tx/per day chart: total gas used 
2025-09-07T15:43:10.790 application=explorer [info] tx/per day chart: total fee 
2025-09-07T15:43:10.790 application=explorer [info] tx/per day chart: collect records for transactions per day stats
2025-09-07T15:43:10.790 application=explorer [info] tx/per day chart: earliest date 2025-09-02 00:00:00Z
2025-09-07T15:43:10.790 application=explorer [info] tx/per day chart: latest date 2025-09-02 23:59:59Z
2025-09-07T15:43:10.795 application=explorer [info] tx/per day chart: min/max block numbers [1, 0]
2025-09-07T15:43:10.797 application=explorer [info] tx/per day chart: num of transactions 0
2025-09-07T15:43:10.798 application=explorer [info] tx/per day chart: total gas used 
2025-09-07T15:43:10.800 application=explorer [info] tx/per day chart: total fee 
2025-09-07T15:43:10.800 application=explorer [info] tx/per day chart: collect records for transactions per day stats
2025-09-07T15:43:10.800 application=explorer [info] tx/per day chart: earliest date 2025-09-03 00:00:00Z
2025-09-07T15:43:10.800 application=explorer [info] tx/per day chart: latest date 2025-09-03 23:59:59Z
2025-09-07T15:43:10.805 application=explorer [info] tx/per day chart: min/max block numbers [1, 0]
2025-09-07T15:43:10.807 application=explorer [info] tx/per day chart: num of transactions 0
2025-09-07T15:43:10.809 application=explorer [info] tx/per day chart: total gas used 
2025-09-07T15:43:10.811 application=explorer [info] tx/per day chart: total fee 
2025-09-07T15:43:10.811 application=explorer [info] tx/per day chart: collect records for transactions per day stats
2025-09-07T15:43:10.811 application=explorer [info] tx/per day chart: earliest date 2025-09-04 00:00:00Z
2025-09-07T15:43:10.811 application=explorer [info] tx/per day chart: latest date 2025-09-04 23:59:59Z
2025-09-07T15:43:10.813 application=explorer [info] tx/per day chart: min/max block numbers [1, 0]
2025-09-07T15:43:10.815 application=explorer [info] tx/per day chart: num of transactions 0
2025-09-07T15:43:10.817 application=explorer [info] tx/per day chart: total gas used 
2025-09-07T15:43:10.819 application=explorer [info] tx/per day chart: total fee 
2025-09-07T15:43:10.819 application=explorer [info] tx/per day chart: collect records for transactions per day stats
2025-09-07T15:43:10.819 application=explorer [info] tx/per day chart: earliest date 2025-09-05 00:00:00Z
2025-09-07T15:43:10.819 application=explorer [info] tx/per day chart: latest date 2025-09-05 23:59:59Z
2025-09-07T15:43:10.824 application=explorer [info] tx/per day chart: min/max block numbers [1, 0]
2025-09-07T15:43:10.826 application=explorer [info] tx/per day chart: num of transactions 0
2025-09-07T15:43:10.828 application=explorer [info] tx/per day chart: total gas used 
2025-09-07T15:43:10.830 application=explorer [info] tx/per day chart: total fee 
2025-09-07T15:43:10.830 application=explorer [info] tx/per day chart: collect records for transactions per day stats
2025-09-07T15:43:10.831 application=explorer [info] tx/per day chart: earliest date 2025-09-06 00:00:00Z
2025-09-07T15:43:10.831 application=explorer [info] tx/per day chart: latest date 2025-09-06 23:59:59Z
2025-09-07T15:43:10.836 application=explorer [info] tx/per day chart: min/max block numbers [1, 0]
2025-09-07T15:43:10.836 application=explorer [info] tx/per day chart: num of transactions 0
2025-09-07T15:43:10.837 application=explorer [info] tx/per day chart: total gas used 
2025-09-07T15:43:10.837 application=explorer [info] tx/per day chart: total fee 
2025-09-07T15:43:10.837 application=explorer [info] tx/per day chart: collect records for transactions per day stats
2025-09-07T15:43:10.838 application=explorer [info] tx/per day chart: records collected [%{date: ~D[2025-09-06], gas_used: nil, number_of_transactions: 0, total_fee: nil}, %{date: ~D[2025-09-05], gas_used: nil, number_of_transactions: 0, total_fee: nil}, %{date: ~D[2025-09-04], gas_used: nil, number_of_transactions: 0, total_fee: nil}, %{date: ~D[2025-09-03], gas_used: nil, number_of_transactions: 0, total_fee: nil}, %{date: ~D[2025-09-02], gas_used: nil, number_of_transactions: 0, total_fee: nil}, %{date: ~D[2025-09-01], gas_used: nil, number_of_transactions: 0, total_fee: nil}, %{date: ~D[2025-08-31], gas_used: nil, number_of_transactions: 0, total_fee: nil}, %{date: ~D[2025-08-30], gas_used: nil, number_of_transactions: 0, total_fee: nil}, %{date: ~D[2025-08-29], gas_used: nil, number_of_transactions: 0, total_fee: nil}]
2025-09-07T15:43:10.838 application=explorer [info] tx/per day chart: save records
2025-09-07T15:43:10.840 application=explorer [info] tx/per day chart: number of inserted 10
2025-09-07T15:43:25.681 application=explorer [info] Fetching chain spec path: nil.
2025-09-07T15:43:25.681 application=explorer [info] Fetching precompiled config path: nil.
2025-09-07T15:43:25.681 application=explorer [warning] Genesis data is not fetched. Neither chain spec path or precompiles config path are set.
2025-09-07T15:51:14.170 application=explorer [info] tx/per day chart: collect records for transactions per day stats
2025-09-07T15:51:14.170 application=explorer [info] tx/per day chart: earliest date 2025-08-29 00:00:00Z
2025-09-07T15:51:14.170 application=explorer [info] tx/per day chart: latest date 2025-08-29 23:59:59Z
2025-09-07T15:51:14.235 application=explorer [info] tx/per day chart: min/max block numbers [1, 0]
2025-09-07T15:51:14.241 application=explorer [info] tx/per day chart: num of transactions 0
2025-09-07T15:51:14.245 application=explorer [info] tx/per day chart: total gas used 
2025-09-07T15:51:14.248 application=explorer [info] tx/per day chart: total fee 
2025-09-07T15:51:14.248 application=explorer [info] tx/per day chart: collect records for transactions per day stats
2025-09-07T15:51:14.248 application=explorer [info] tx/per day chart: earliest date 2025-08-30 00:00:00Z
2025-09-07T15:51:14.248 application=explorer [info] tx/per day chart: latest date 2025-08-30 23:59:59Z
2025-09-07T15:51:14.253 application=explorer [info] tx/per day chart: min/max block numbers [1, 0]
2025-09-07T15:51:14.254 application=explorer [info] tx/per day chart: num of transactions 0
2025-09-07T15:51:14.256 application=explorer [info] tx/per day chart: total gas used 
2025-09-07T15:51:14.258 application=explorer [info] tx/per day chart: total fee 
2025-09-07T15:51:14.258 application=explorer [info] tx/per day chart: collect records for transactions per day stats
2025-09-07T15:51:14.258 application=explorer [info] tx/per day chart: earliest date 2025-08-31 00:00:00Z
2025-09-07T15:51:14.258 application=explorer [info] tx/per day chart: latest date 2025-08-31 23:59:59Z
2025-09-07T15:51:14.262 application=explorer [info] tx/per day chart: min/max block numbers [1, 0]
2025-09-07T15:51:14.263 application=explorer [info] tx/per day chart: num of transactions 0
2025-09-07T15:51:14.265 application=explorer [info] tx/per day chart: total gas used 
2025-09-07T15:51:14.267 application=explorer [info] tx/per day chart: total fee 
2025-09-07T15:51:14.267 application=explorer [info] tx/per day chart: collect records for transactions per day stats
2025-09-07T15:51:14.267 application=explorer [info] tx/per day chart: earliest date 2025-09-01 00:00:00Z
2025-09-07T15:51:14.267 application=explorer [info] tx/per day chart: latest date 2025-09-01 23:59:59Z
2025-09-07T15:51:14.270 application=explorer [info] tx/per day chart: min/max block numbers [1, 0]
2025-09-07T15:51:14.272 application=explorer [info] tx/per day chart: num of transactions 0
2025-09-07T15:51:14.274 application=explorer [info] tx/per day chart: total gas used 
2025-09-07T15:51:14.276 application=explorer [info] tx/per day chart: total fee 
2025-09-07T15:51:14.276 application=explorer [info] tx/per day chart: collect records for transactions per day stats
2025-09-07T15:51:14.276 application=explorer [info] tx/per day chart: earliest date 2025-09-02 00:00:00Z
2025-09-07T15:51:14.276 application=explorer [info] tx/per day chart: latest date 2025-09-02 23:59:59Z
2025-09-07T15:51:14.279 application=explorer [info] tx/per day chart: min/max block numbers [1, 0]
2025-09-07T15:51:14.281 application=explorer [info] tx/per day chart: num of transactions 0
2025-09-07T15:51:14.283 application=explorer [info] tx/per day chart: total gas used 
2025-09-07T15:51:14.285 application=explorer [info] tx/per day chart: total fee 
2025-09-07T15:51:14.285 application=explorer [info] tx/per day chart: collect records for transactions per day stats
2025-09-07T15:51:14.285 application=explorer [info] tx/per day chart: earliest date 2025-09-03 00:00:00Z
2025-09-07T15:51:14.285 application=explorer [info] tx/per day chart: latest date 2025-09-03 23:59:59Z
2025-09-07T15:51:14.290 application=explorer [info] tx/per day chart: min/max block numbers [1, 0]
2025-09-07T15:51:14.292 application=explorer [info] tx/per day chart: num of transactions 0
2025-09-07T15:51:14.294 application=explorer [info] tx/per day chart: total gas used 
2025-09-07T15:51:14.296 application=explorer [info] tx/per day chart: total fee 
2025-09-07T15:51:14.296 application=explorer [info] tx/per day chart: collect records for transactions per day stats
2025-09-07T15:51:14.296 application=explorer [info] tx/per day chart: earliest date 2025-09-04 00:00:00Z
2025-09-07T15:51:14.296 application=explorer [info] tx/per day chart: latest date 2025-09-04 23:59:59Z
2025-09-07T15:51:14.299 application=explorer [info] tx/per day chart: min/max block numbers [1, 0]
2025-09-07T15:51:14.301 application=explorer [info] tx/per day chart: num of transactions 0
2025-09-07T15:51:14.303 application=explorer [info] tx/per day chart: total gas used 
2025-09-07T15:51:14.305 application=explorer [info] tx/per day chart: total fee 
2025-09-07T15:51:14.305 application=explorer [info] tx/per day chart: collect records for transactions per day stats
2025-09-07T15:51:14.305 application=explorer [info] tx/per day chart: earliest date 2025-09-05 00:00:00Z
2025-09-07T15:51:14.305 application=explorer [info] tx/per day chart: latest date 2025-09-05 23:59:59Z
2025-09-07T15:51:14.310 application=explorer [info] tx/per day chart: min/max block numbers [1, 0]
2025-09-07T15:51:14.310 application=explorer [info] tx/per day chart: num of transactions 0
2025-09-07T15:51:14.310 application=explorer [info] tx/per day chart: total gas used 
2025-09-07T15:51:14.311 application=explorer [info] tx/per day chart: total fee 
2025-09-07T15:51:14.311 application=explorer [info] tx/per day chart: collect records for transactions per day stats
2025-09-07T15:51:14.311 application=explorer [info] tx/per day chart: earliest date 2025-09-06 00:00:00Z
2025-09-07T15:51:14.311 application=explorer [info] tx/per day chart: latest date 2025-09-06 23:59:59Z
2025-09-07T15:51:14.316 application=explorer [info] tx/per day chart: min/max block numbers [1, 0]
2025-09-07T15:51:14.316 application=explorer [info] tx/per day chart: num of transactions 0
2025-09-07T15:51:14.318 application=explorer [info] tx/per day chart: total gas used 
2025-09-07T15:51:14.320 application=explorer [info] tx/per day chart: total fee 
2025-09-07T15:51:14.320 application=explorer [info] tx/per day chart: collect records for transactions per day stats
2025-09-07T15:51:14.320 application=explorer [info] tx/per day chart: records collected [%{date: ~D[2025-09-06], gas_used: nil, number_of_transactions: 0, total_fee: nil}, %{date: ~D[2025-09-05], gas_used: nil, number_of_transactions: 0, total_fee: nil}, %{date: ~D[2025-09-04], gas_used: nil, number_of_transactions: 0, total_fee: nil}, %{date: ~D[2025-09-03], gas_used: nil, number_of_transactions: 0, total_fee: nil}, %{date: ~D[2025-09-02], gas_used: nil, number_of_transactions: 0, total_fee: nil}, %{date: ~D[2025-09-01], gas_used: nil, number_of_transactions: 0, total_fee: nil}, %{date: ~D[2025-08-31], gas_used: nil, number_of_transactions: 0, total_fee: nil}, %{date: ~D[2025-08-30], gas_used: nil, number_of_transactions: 0, total_fee: nil}, %{date: ~D[2025-08-29], gas_used: nil, number_of_transactions: 0, total_fee: nil}]
2025-09-07T15:51:14.320 application=explorer [info] tx/per day chart: save records
2025-09-07T15:51:14.322 application=explorer [info] tx/per day chart: number of inserted 10
2025-09-07T15:51:29.165 application=explorer [info] Fetching chain spec path: nil.
2025-09-07T15:51:29.165 application=explorer [info] Fetching precompiled config path: nil.
2025-09-07T15:51:29.165 application=explorer [warning] Genesis data is not fetched. Neither chain spec path or precompiles config path are set.
